#-----------------------------------------------------------
# Vivado v2022.2 (64-bit)
# SW Build 3671981 on Fri Oct 14 05:00:03 MDT 2022
# IP Build 3669848 on Fri Oct 14 08:30:02 MDT 2022
# Start of session at: Sat Sep 21 12:16:54 2024
# Process ID: 10740
# Current directory: C:/520lab_projects/fa24lab3/build/lab3
# Command line: vivado.exe -gui_launcher_event rodinguilauncherevent15768 C:\520lab_projects\fa24lab3\build\lab3\lab3.xpr
# Log file: C:/520lab_projects/fa24lab3/build/lab3/vivado.log
# Journal file: C:/520lab_projects/fa24lab3/build/lab3\vivado.jou
# Running On: Madhu, OS: Windows, CPU Frequency: 2918 MHz, CPU Physical cores: 14, Host memory: 16831 MB
#-----------------------------------------------------------
start_gui
open_project C:/520lab_projects/fa24lab3/build/lab3/lab3.xpr
WARNING: [Board 49-26] cannot add Board Part xilinx.com:vek280_es:part0:1.0 available at C:/vitis/Vivado/2022.2/data/xhub/boards/XilinxBoardStore/boards/Xilinx/vek280/es/1.0/board.xml as part xcve2802-vsvh1760-2lp-e-s-es1 specified in board_part file is either invalid or not available
WARNING: [Board 49-26] cannot add Board Part xilinx.com:vhk158_es:part0:1.0 available at C:/vitis/Vivado/2022.2/data/xhub/boards/XilinxBoardStore/boards/Xilinx/vhk158/es/1.0/board.xml as part xcvh1582-vsva3697-2mp-e-s-es1 specified in board_part file is either invalid or not available
WARNING: [Board 49-26] cannot add Board Part xilinx.com:vpk120_es:part0:1.2 available at C:/vitis/Vivado/2022.2/data/xhub/boards/XilinxBoardStore/boards/Xilinx/vpk120/es/1.2/board.xml as part xcvp1202-vsva2785-2mp-e-s-es1 specified in board_part file is either invalid or not available
WARNING: [Board 49-26] cannot add Board Part xilinx.com:vpk120_es_revb:part0:1.0 available at C:/vitis/Vivado/2022.2/data/xhub/boards/XilinxBoardStore/boards/Xilinx/vpk120_revb/es/1.0/board.xml as part xcvp1202-vsva2785-2mp-e-s-es1 specified in board_part file is either invalid or not available
WARNING: [Board 49-26] cannot add Board Part xilinx.com:vpk180_es:part0:1.0 available at C:/vitis/Vivado/2022.2/data/xhub/boards/XilinxBoardStore/boards/Xilinx/vpk180/es/1.0/board.xml as part xcvp1802-lsvc4072-2mp-e-s-es1 specified in board_part file is either invalid or not available
WARNING: [Board 49-26] cannot add Board Part xilinx.com:zcu208ld:part0:2.0 available at C:/vitis/Vivado/2022.2/data/xhub/boards/XilinxBoardStore/boards/Xilinx/zcu208ld/production/2.0/board.xml as part xczu58dr-fsvg1517-2-i specified in board_part file is either invalid or not available
WARNING: [Board 49-26] cannot add Board Part xilinx.com:zcu216ld:part0:2.0 available at C:/vitis/Vivado/2022.2/data/xhub/boards/XilinxBoardStore/boards/Xilinx/zcu216ld/production/2.0/board.xml as part xczu59dr-ffvf1760-2-i specified in board_part file is either invalid or not available
WARNING: [Board 49-26] cannot add Board Part xilinx.com:zcu670:part0:2.0 available at C:/vitis/Vivado/2022.2/data/xhub/boards/XilinxBoardStore/boards/Xilinx/zcu670/2.0/board.xml as part xczu67dr-fsve1156-2-i specified in board_part file is either invalid or not available
WARNING: [Board 49-26] cannot add Board Part xilinx.com:zcu670ld:part0:1.0 available at C:/vitis/Vivado/2022.2/data/xhub/boards/XilinxBoardStore/boards/Xilinx/zcu670ld/1.0/board.xml as part xczu57dr-fsve1156-2-i specified in board_part file is either invalid or not available
Scanning sources...
Finished scanning sources
INFO: [IP_Flow 19-234] Refreshing IP repositories
INFO: [IP_Flow 19-1704] No user IP repositories specified
INFO: [IP_Flow 19-2313] Loaded Vivado IP repository 'C:/vitis/Vivado/2022.2/data/ip'.
INFO: [Ipptcl 7-1463] No Compatible Board Interface found. Board Tab not created in customize GUI
INFO: [PSU-1]  DP_AUDIO clock source: RPLL is also being used by other peripheral clocks. Their outputs may get impacted if any driver changes DP_AUDIO PLL source to support runtime audio change 
INFO: [PSU-0] Address Range of DDR (0x7ff00000 to 0x7fffffff) is reserved by PMU for internal purpose.
INFO: [PSU-1]  DP_AUDIO clock source: RPLL is also being used by other peripheral clocks. Their outputs may get impacted if any driver changes DP_AUDIO PLL source to support runtime audio change 
open_project: Time (s): cpu = 00:00:18 ; elapsed = 00:00:25 . Memory (MB): peak = 1883.547 ; gain = 321.527
update_compile_order -fileset sources_1
reset_run system_zynq_ultra_ps_e_0_1_synth_1
launch_runs system_zynq_ultra_ps_e_0_1_synth_1
INFO: [PSU-0] Address Range of DDR (0x7ff00000 to 0x7fffffff) is reserved by PMU for internal purpose.
INFO: [PSU-1]  DP_AUDIO clock source: RPLL is also being used by other peripheral clocks. Their outputs may get impacted if any driver changes DP_AUDIO PLL source to support runtime audio change 
INFO: [xilinx.com:ip:zynq_ultra_ps_e:3.4-0] system_zynq_ultra_ps_e_0_1: 
Changes in your design (including the PCW configuration settings) are not automatically exported from Vivado to Xilinx's SDK, Petalinux or Yocto.
This is by design to avoid disrupting existing embedded development efforts. To have any changes of your design taking effect in the embedded software flow please export your
design by going through Vivado's main menu, click on File, then Export finally select Export Hardware, please ensure you click on the Include BitStream option.
The auto-generated HDF file is all you need to import in Xilinx's SDK, Petalinux or Yocto for your changes to be reflected in the Embedded Software Flow.
For more information, please consult PG201, section: Exporting PCW Settings to Embedded Software Flows
INFO: [PSU-0] Address Range of DDR (0x7ff00000 to 0x7fffffff) is reserved by PMU for internal purpose.
INFO: [IP_Flow 19-6924] IPCACHE: Running cache check for IP inst: system_zynq_ultra_ps_e_0_1
[Sat Sep 21 12:18:29 2024] Launched system_zynq_ultra_ps_e_0_1_synth_1...
Run output will be captured here: C:/520lab_projects/fa24lab3/build/lab3/lab3.runs/system_zynq_ultra_ps_e_0_1_synth_1/runme.log
launch_runs: Time (s): cpu = 00:00:21 ; elapsed = 00:00:44 . Memory (MB): peak = 1948.500 ; gain = 19.734
wait_on_run system_zynq_ultra_ps_e_0_1_synth_1
[Sat Sep 21 12:18:29 2024] Waiting for system_zynq_ultra_ps_e_0_1_synth_1 to finish...
[Sat Sep 21 12:18:34 2024] Waiting for system_zynq_ultra_ps_e_0_1_synth_1 to finish...
[Sat Sep 21 12:18:40 2024] Waiting for system_zynq_ultra_ps_e_0_1_synth_1 to finish...
[Sat Sep 21 12:18:45 2024] Waiting for system_zynq_ultra_ps_e_0_1_synth_1 to finish...
[Sat Sep 21 12:18:55 2024] Waiting for system_zynq_ultra_ps_e_0_1_synth_1 to finish...
[Sat Sep 21 12:19:05 2024] Waiting for system_zynq_ultra_ps_e_0_1_synth_1 to finish...
INFO: [Common 17-41] Interrupt caught. Command should exit soon.
[Sat Sep 21 12:19:15 2024] Waiting for system_zynq_ultra_ps_e_0_1_synth_1 to finish...
[Sat Sep 21 12:19:15 2024] Interrupt received

*** Running vivado
    with args -log system_zynq_ultra_ps_e_0_1.vds -m64 -product Vivado -mode batch -messageDb vivado.pb -notrace -source system_zynq_ultra_ps_e_0_1.tcl



****** Vivado v2022.2 (64-bit)
  **** SW Build 3671981 on Fri Oct 14 05:00:03 MDT 2022
  **** IP Build 3669848 on Fri Oct 14 08:30:02 MDT 2022
    ** Copyright 1986-2022 Xilinx, Inc. All Rights Reserved.

source system_zynq_ultra_ps_e_0_1.tcl -notrace
create_project: Time (s): cpu = 00:00:03 ; elapsed = 00:00:07 . Memory (MB): peak = 1002.730 ; gain = 118.621
INFO: [IP_Flow 19-6924] IPCACHE: Running cache check for IP inst: system_zynq_ultra_ps_e_0_1
Command: synth_design -top system_zynq_ultra_ps_e_0_1 -part xck26-sfvc784-2LV-c -incremental_mode off -mode out_of_context
Starting synth_design
Attempting to get a license for feature 'Synthesis' and/or device 'xck26'
INFO: [Common 17-349] Got license for feature 'Synthesis' and/or device 'xck26'
INFO: [Device 21-403] Loading part xck26-sfvc784-2LV-c
INFO: [Synth 8-7079] Multithreading enabled for synth_design using a maximum of 2 processes.
INFO: [Synth 8-7078] Launching helper process for spawning children vivado processes
INFO: [Synth 8-7075] Helper process launched with PID 7504
INFO: [Synth 8-11241] undeclared symbol 'REGCCE', assumed default net type 'wire' [C:/vitis/Vivado/2022.2/data/verilog/src/unimacro/BRAM_SINGLE_MACRO.v:2170]
INFO: [Synth 8-11241] undeclared symbol 'dp_audi_ref_clk', assumed default net type 'wire' [c:/520lab_projects/fa24lab3/build/lab3/lab3.gen/sources_1/bd/system/ip/system_zynq_ultra_ps_e_0_1/hdl/zynq_ultra_ps_e_v3_4_1.v:2470]
---------------------------------------------------------------------------------
Starting RTL Elaboration : Time (s): cpu = 00:00:03 ; elapsed = 00:00:06 . Memory (MB): peak = 2395.074 ; gain = 332.156
---------------------------------------------------------------------------------
INFO: [Synth 8-638] synthesizing module 'system_zynq_ultra_ps_e_0_1' [c:/520lab_projects/fa24lab3/build/lab3/lab3.gen/sources_1/bd/system/ip/system_zynq_ultra_ps_e_0_1/synth/system_zynq_ultra_ps_e_0_1.vhd:105]
	Parameter C_DP_USE_AUDIO bound to: 0 - type: integer 
	Parameter C_DP_USE_VIDEO bound to: 0 - type: integer 
	Parameter C_MAXIGP0_DATA_WIDTH bound to: 128 - type: integer 
	Parameter C_MAXIGP1_DATA_WIDTH bound to: 128 - type: integer 
	Parameter C_MAXIGP2_DATA_WIDTH bound to: 32 - type: integer 
	Parameter C_SAXIGP0_DATA_WIDTH bound to: 128 - type: integer 
	Parameter C_SAXIGP1_DATA_WIDTH bound to: 128 - type: integer 
	Parameter C_SAXIGP2_DATA_WIDTH bound to: 128 - type: integer 
	Parameter C_SAXIGP3_DATA_WIDTH bound to: 128 - type: integer 
	Parameter C_SAXIGP4_DATA_WIDTH bound to: 128 - type: integer 
	Parameter C_SAXIGP5_DATA_WIDTH bound to: 128 - type: integer 
	Parameter C_SAXIGP6_DATA_WIDTH bound to: 128 - type: integer 
	Parameter C_USE_DIFF_RW_CLK_GP0 bound to: 0 - type: integer 
	Parameter C_USE_DIFF_RW_CLK_GP1 bound to: 0 - type: integer 
	Parameter C_USE_DIFF_RW_CLK_GP2 bound to: 0 - type: integer 
	Parameter C_USE_DIFF_RW_CLK_GP3 bound to: 0 - type: integer 
	Parameter C_USE_DIFF_RW_CLK_GP4 bound to: 0 - type: integer 
	Parameter C_USE_DIFF_RW_CLK_GP5 bound to: 0 - type: integer 
	Parameter C_USE_DIFF_RW_CLK_GP6 bound to: 0 - type: integer 
	Parameter C_EN_FIFO_ENET0 bound to: 0 - type: string 
	Parameter C_EN_FIFO_ENET1 bound to: 0 - type: string 
	Parameter C_EN_FIFO_ENET2 bound to: 0 - type: string 
	Parameter C_EN_FIFO_ENET3 bound to: 0 - type: string 
	Parameter C_PL_CLK0_BUF bound to: TRUE - type: string 
	Parameter C_PL_CLK1_BUF bound to: TRUE - type: string 
	Parameter C_PL_CLK2_BUF bound to: FALSE - type: string 
	Parameter C_PL_CLK3_BUF bound to: FALSE - type: string 
	Parameter C_TRACE_PIPELINE_WIDTH bound to: 8 - type: integer 
	Parameter C_EN_EMIO_TRACE bound to: 0 - type: integer 
	Parameter C_TRACE_DATA_WIDTH bound to: 32 - type: integer 
	Parameter C_USE_DEBUG_TEST bound to: 0 - type: integer 
	Parameter C_SD0_INTERNAL_BUS_WIDTH bound to: 5 - type: integer 
	Parameter C_SD1_INTERNAL_BUS_WIDTH bound to: 5 - type: integer 
	Parameter C_NUM_F2P_0_INTR_INPUTS bound to: 1 - type: integer 
	Parameter C_NUM_F2P_1_INTR_INPUTS bound to: 1 - type: integer 
	Parameter C_EMIO_GPIO_WIDTH bound to: 1 - type: integer 
	Parameter C_NUM_FABRIC_RESETS bound to: 1 - type: integer 
INFO: [Synth 8-3491] module 'zynq_ultra_ps_e_v3_4_1_zynq_ultra_ps_e' declared at 'c:/520lab_projects/fa24lab3/build/lab3/lab3.gen/sources_1/bd/system/ip/system_zynq_ultra_ps_e_0_1/hdl/zynq_ultra_ps_e_v3_4_1.v:68' bound to instance 'U0' of component 'zynq_ultra_ps_e_v3_4_1_zynq_ultra_ps_e' [c:/520lab_projects/fa24lab3/build/lab3/lab3.gen/sources_1/bd/system/ip/system_zynq_ultra_ps_e_0_1/synth/system_zynq_ultra_ps_e_0_1.vhd:1700]
INFO: [Synth 8-6157] synthesizing module 'zynq_ultra_ps_e_v3_4_1_zynq_ultra_ps_e' [c:/520lab_projects/fa24lab3/build/lab3/lab3.gen/sources_1/bd/system/ip/system_zynq_ultra_ps_e_0_1/hdl/zynq_ultra_ps_e_v3_4_1.v:68]
INFO: [Synth 8-6157] synthesizing module 'BUFG_PS' [C:/vitis/Vivado/2022.2/scripts/rt/data/unisim_comp.v:1317]
INFO: [Synth 8-6155] done synthesizing module 'BUFG_PS' (0#1) [C:/vitis/Vivado/2022.2/scripts/rt/data/unisim_comp.v:1317]
INFO: [Synth 8-6157] synthesizing module 'PS8' [C:/vitis/Vivado/2022.2/scripts/rt/data/unisim_comp.v:110670]
INFO: [Synth 8-6155] done synthesizing module 'PS8' (0#1) [C:/vitis/Vivado/2022.2/scripts/rt/data/unisim_comp.v:110670]
WARNING: [Synth 8-689] width (5) of port connection 'EMIOSDIO0DATAOUT' does not match port width (8) of module 'PS8' [c:/520lab_projects/fa24lab3/build/lab3/lab3.gen/sources_1/bd/system/ip/system_zynq_ultra_ps_e_0_1/hdl/zynq_ultra_ps_e_v3_4_1.v:4655]
WARNING: [Synth 8-689] width (5) of port connection 'EMIOSDIO0DATAENA' does not match port width (8) of module 'PS8' [c:/520lab_projects/fa24lab3/build/lab3/lab3.gen/sources_1/bd/system/ip/system_zynq_ultra_ps_e_0_1/hdl/zynq_ultra_ps_e_v3_4_1.v:4656]
WARNING: [Synth 8-689] width (5) of port connection 'EMIOSDIO1DATAOUT' does not match port width (8) of module 'PS8' [c:/520lab_projects/fa24lab3/build/lab3/lab3.gen/sources_1/bd/system/ip/system_zynq_ultra_ps_e_0_1/hdl/zynq_ultra_ps_e_v3_4_1.v:4668]
WARNING: [Synth 8-689] width (5) of port connection 'EMIOSDIO1DATAENA' does not match port width (8) of module 'PS8' [c:/520lab_projects/fa24lab3/build/lab3/lab3.gen/sources_1/bd/system/ip/system_zynq_ultra_ps_e_0_1/hdl/zynq_ultra_ps_e_v3_4_1.v:4669]
WARNING: [Synth 8-7071] port 'PSS_ALTO_CORE_PAD_MGTTXN0OUT' of module 'PS8' is unconnected for instance 'PS8_i' [c:/520lab_projects/fa24lab3/build/lab3/lab3.gen/sources_1/bd/system/ip/system_zynq_ultra_ps_e_0_1/hdl/zynq_ultra_ps_e_v3_4_1.v:3845]
WARNING: [Synth 8-7071] port 'PSS_ALTO_CORE_PAD_MGTTXN1OUT' of module 'PS8' is unconnected for instance 'PS8_i' [c:/520lab_projects/fa24lab3/build/lab3/lab3.gen/sources_1/bd/system/ip/system_zynq_ultra_ps_e_0_1/hdl/zynq_ultra_ps_e_v3_4_1.v:3845]
WARNING: [Synth 8-7071] port 'PSS_ALTO_CORE_PAD_MGTTXN2OUT' of module 'PS8' is unconnected for instance 'PS8_i' [c:/520lab_projects/fa24lab3/build/lab3/lab3.gen/sources_1/bd/system/ip/system_zynq_ultra_ps_e_0_1/hdl/zynq_ultra_ps_e_v3_4_1.v:3845]
WARNING: [Synth 8-7071] port 'PSS_ALTO_CORE_PAD_MGTTXN3OUT' of module 'PS8' is unconnected for instance 'PS8_i' [c:/520lab_projects/fa24lab3/build/lab3/lab3.gen/sources_1/bd/system/ip/system_zynq_ultra_ps_e_0_1/hdl/zynq_ultra_ps_e_v3_4_1.v:3845]
WARNING: [Synth 8-7071] port 'PSS_ALTO_CORE_PAD_MGTTXP0OUT' of module 'PS8' is unconnected for instance 'PS8_i' [c:/520lab_projects/fa24lab3/build/lab3/lab3.gen/sources_1/bd/system/ip/system_zynq_ultra_ps_e_0_1/hdl/zynq_ultra_ps_e_v3_4_1.v:3845]
WARNING: [Synth 8-7071] port 'PSS_ALTO_CORE_PAD_MGTTXP1OUT' of module 'PS8' is unconnected for instance 'PS8_i' [c:/520lab_projects/fa24lab3/build/lab3/lab3.gen/sources_1/bd/system/ip/system_zynq_ultra_ps_e_0_1/hdl/zynq_ultra_ps_e_v3_4_1.v:3845]
WARNING: [Synth 8-7071] port 'PSS_ALTO_CORE_PAD_MGTTXP2OUT' of module 'PS8' is unconnected for instance 'PS8_i' [c:/520lab_projects/fa24lab3/build/lab3/lab3.gen/sources_1/bd/system/ip/system_zynq_ultra_ps_e_0_1/hdl/zynq_ultra_ps_e_v3_4_1.v:3845]
WARNING: [Synth 8-7071] port 'PSS_ALTO_CORE_PAD_MGTTXP3OUT' of module 'PS8' is unconnected for instance 'PS8_i' [c:/520lab_projects/fa24lab3/build/lab3/lab3.gen/sources_1/bd/system/ip/system_zynq_ultra_ps_e_0_1/hdl/zynq_ultra_ps_e_v3_4_1.v:3845]
WARNING: [Synth 8-7071] port 'PSS_ALTO_CORE_PAD_PADO' of module 'PS8' is unconnected for instance 'PS8_i' [c:/520lab_projects/fa24lab3/build/lab3/lab3.gen/sources_1/bd/system/ip/system_zynq_ultra_ps_e_0_1/hdl/zynq_ultra_ps_e_v3_4_1.v:3845]
WARNING: [Synth 8-7071] port 'PSS_ALTO_CORE_PAD_BOOTMODE' of module 'PS8' is unconnected for instance 'PS8_i' [c:/520lab_projects/fa24lab3/build/lab3/lab3.gen/sources_1/bd/system/ip/system_zynq_ultra_ps_e_0_1/hdl/zynq_ultra_ps_e_v3_4_1.v:3845]
WARNING: [Synth 8-7071] port 'PSS_ALTO_CORE_PAD_CLK' of module 'PS8' is unconnected for instance 'PS8_i' [c:/520lab_projects/fa24lab3/build/lab3/lab3.gen/sources_1/bd/system/ip/system_zynq_ultra_ps_e_0_1/hdl/zynq_ultra_ps_e_v3_4_1.v:3845]
WARNING: [Synth 8-7071] port 'PSS_ALTO_CORE_PAD_DONEB' of module 'PS8' is unconnected for instance 'PS8_i' [c:/520lab_projects/fa24lab3/build/lab3/lab3.gen/sources_1/bd/system/ip/system_zynq_ultra_ps_e_0_1/hdl/zynq_ultra_ps_e_v3_4_1.v:3845]
WARNING: [Synth 8-7071] port 'PSS_ALTO_CORE_PAD_DRAMA' of module 'PS8' is unconnected for instance 'PS8_i' [c:/520lab_projects/fa24lab3/build/lab3/lab3.gen/sources_1/bd/system/ip/system_zynq_ultra_ps_e_0_1/hdl/zynq_ultra_ps_e_v3_4_1.v:3845]
WARNING: [Synth 8-7071] port 'PSS_ALTO_CORE_PAD_DRAMACTN' of module 'PS8' is unconnected for instance 'PS8_i' [c:/520lab_projects/fa24lab3/build/lab3/lab3.gen/sources_1/bd/system/ip/system_zynq_ultra_ps_e_0_1/hdl/zynq_ultra_ps_e_v3_4_1.v:3845]
WARNING: [Synth 8-7071] port 'PSS_ALTO_CORE_PAD_DRAMALERTN' of module 'PS8' is unconnected for instance 'PS8_i' [c:/520lab_projects/fa24lab3/build/lab3/lab3.gen/sources_1/bd/system/ip/system_zynq_ultra_ps_e_0_1/hdl/zynq_ultra_ps_e_v3_4_1.v:3845]
WARNING: [Synth 8-7071] port 'PSS_ALTO_CORE_PAD_DRAMBA' of module 'PS8' is unconnected for instance 'PS8_i' [c:/520lab_projects/fa24lab3/build/lab3/lab3.gen/sources_1/bd/system/ip/system_zynq_ultra_ps_e_0_1/hdl/zynq_ultra_ps_e_v3_4_1.v:3845]
WARNING: [Synth 8-7071] port 'PSS_ALTO_CORE_PAD_DRAMBG' of module 'PS8' is unconnected for instance 'PS8_i' [c:/520lab_projects/fa24lab3/build/lab3/lab3.gen/sources_1/bd/system/ip/system_zynq_ultra_ps_e_0_1/hdl/zynq_ultra_ps_e_v3_4_1.v:3845]
WARNING: [Synth 8-7071] port 'PSS_ALTO_CORE_PAD_DRAMCK' of module 'PS8' is unconnected for instance 'PS8_i' [c:/520lab_projects/fa24lab3/build/lab3/lab3.gen/sources_1/bd/system/ip/system_zynq_ultra_ps_e_0_1/hdl/zynq_ultra_ps_e_v3_4_1.v:3845]
WARNING: [Synth 8-7071] port 'PSS_ALTO_CORE_PAD_DRAMCKE' of module 'PS8' is unconnected for instance 'PS8_i' [c:/520lab_projects/fa24lab3/build/lab3/lab3.gen/sources_1/bd/system/ip/system_zynq_ultra_ps_e_0_1/hdl/zynq_ultra_ps_e_v3_4_1.v:3845]
WARNING: [Synth 8-7071] port 'PSS_ALTO_CORE_PAD_DRAMCKN' of module 'PS8' is unconnected for instance 'PS8_i' [c:/520lab_projects/fa24lab3/build/lab3/lab3.gen/sources_1/bd/system/ip/system_zynq_ultra_ps_e_0_1/hdl/zynq_ultra_ps_e_v3_4_1.v:3845]
WARNING: [Synth 8-7071] port 'PSS_ALTO_CORE_PAD_DRAMCSN' of module 'PS8' is unconnected for instance 'PS8_i' [c:/520lab_projects/fa24lab3/build/lab3/lab3.gen/sources_1/bd/system/ip/system_zynq_ultra_ps_e_0_1/hdl/zynq_ultra_ps_e_v3_4_1.v:3845]
WARNING: [Synth 8-7071] port 'PSS_ALTO_CORE_PAD_DRAMDM' of module 'PS8' is unconnected for instance 'PS8_i' [c:/520lab_projects/fa24lab3/build/lab3/lab3.gen/sources_1/bd/system/ip/system_zynq_ultra_ps_e_0_1/hdl/zynq_ultra_ps_e_v3_4_1.v:3845]
WARNING: [Synth 8-7071] port 'PSS_ALTO_CORE_PAD_DRAMDQ' of module 'PS8' is unconnected for instance 'PS8_i' [c:/520lab_projects/fa24lab3/build/lab3/lab3.gen/sources_1/bd/system/ip/system_zynq_ultra_ps_e_0_1/hdl/zynq_ultra_ps_e_v3_4_1.v:3845]
WARNING: [Synth 8-7071] port 'PSS_ALTO_CORE_PAD_DRAMDQS' of module 'PS8' is unconnected for instance 'PS8_i' [c:/520lab_projects/fa24lab3/build/lab3/lab3.gen/sources_1/bd/system/ip/system_zynq_ultra_ps_e_0_1/hdl/zynq_ultra_ps_e_v3_4_1.v:3845]
WARNING: [Synth 8-7071] port 'PSS_ALTO_CORE_PAD_DRAMDQSN' of module 'PS8' is unconnected for instance 'PS8_i' [c:/520lab_projects/fa24lab3/build/lab3/lab3.gen/sources_1/bd/system/ip/system_zynq_ultra_ps_e_0_1/hdl/zynq_ultra_ps_e_v3_4_1.v:3845]
WARNING: [Synth 8-7071] port 'PSS_ALTO_CORE_PAD_DRAMODT' of module 'PS8' is unconnected for instance 'PS8_i' [c:/520lab_projects/fa24lab3/build/lab3/lab3.gen/sources_1/bd/system/ip/system_zynq_ultra_ps_e_0_1/hdl/zynq_ultra_ps_e_v3_4_1.v:3845]
WARNING: [Synth 8-7071] port 'PSS_ALTO_CORE_PAD_DRAMPARITY' of module 'PS8' is unconnected for instance 'PS8_i' [c:/520lab_projects/fa24lab3/build/lab3/lab3.gen/sources_1/bd/system/ip/system_zynq_ultra_ps_e_0_1/hdl/zynq_ultra_ps_e_v3_4_1.v:3845]
WARNING: [Synth 8-7071] port 'PSS_ALTO_CORE_PAD_DRAMRAMRSTN' of module 'PS8' is unconnected for instance 'PS8_i' [c:/520lab_projects/fa24lab3/build/lab3/lab3.gen/sources_1/bd/system/ip/system_zynq_ultra_ps_e_0_1/hdl/zynq_ultra_ps_e_v3_4_1.v:3845]
WARNING: [Synth 8-7071] port 'PSS_ALTO_CORE_PAD_ERROROUT' of module 'PS8' is unconnected for instance 'PS8_i' [c:/520lab_projects/fa24lab3/build/lab3/lab3.gen/sources_1/bd/system/ip/system_zynq_ultra_ps_e_0_1/hdl/zynq_ultra_ps_e_v3_4_1.v:3845]
WARNING: [Synth 8-7071] port 'PSS_ALTO_CORE_PAD_ERRORSTATUS' of module 'PS8' is unconnected for instance 'PS8_i' [c:/520lab_projects/fa24lab3/build/lab3/lab3.gen/sources_1/bd/system/ip/system_zynq_ultra_ps_e_0_1/hdl/zynq_ultra_ps_e_v3_4_1.v:3845]
WARNING: [Synth 8-7071] port 'PSS_ALTO_CORE_PAD_INITB' of module 'PS8' is unconnected for instance 'PS8_i' [c:/520lab_projects/fa24lab3/build/lab3/lab3.gen/sources_1/bd/system/ip/system_zynq_ultra_ps_e_0_1/hdl/zynq_ultra_ps_e_v3_4_1.v:3845]
WARNING: [Synth 8-7071] port 'PSS_ALTO_CORE_PAD_JTAGTCK' of module 'PS8' is unconnected for instance 'PS8_i' [c:/520lab_projects/fa24lab3/build/lab3/lab3.gen/sources_1/bd/system/ip/system_zynq_ultra_ps_e_0_1/hdl/zynq_ultra_ps_e_v3_4_1.v:3845]
WARNING: [Synth 8-7071] port 'PSS_ALTO_CORE_PAD_JTAGTDI' of module 'PS8' is unconnected for instance 'PS8_i' [c:/520lab_projects/fa24lab3/build/lab3/lab3.gen/sources_1/bd/system/ip/system_zynq_ultra_ps_e_0_1/hdl/zynq_ultra_ps_e_v3_4_1.v:3845]
WARNING: [Synth 8-7071] port 'PSS_ALTO_CORE_PAD_JTAGTDO' of module 'PS8' is unconnected for instance 'PS8_i' [c:/520lab_projects/fa24lab3/build/lab3/lab3.gen/sources_1/bd/system/ip/system_zynq_ultra_ps_e_0_1/hdl/zynq_ultra_ps_e_v3_4_1.v:3845]
WARNING: [Synth 8-7071] port 'PSS_ALTO_CORE_PAD_JTAGTMS' of module 'PS8' is unconnected for instance 'PS8_i' [c:/520lab_projects/fa24lab3/build/lab3/lab3.gen/sources_1/bd/system/ip/system_zynq_ultra_ps_e_0_1/hdl/zynq_ultra_ps_e_v3_4_1.v:3845]
WARNING: [Synth 8-7071] port 'PSS_ALTO_CORE_PAD_MIO' of module 'PS8' is unconnected for instance 'PS8_i' [c:/520lab_projects/fa24lab3/build/lab3/lab3.gen/sources_1/bd/system/ip/system_zynq_ultra_ps_e_0_1/hdl/zynq_ultra_ps_e_v3_4_1.v:3845]
WARNING: [Synth 8-7071] port 'PSS_ALTO_CORE_PAD_PORB' of module 'PS8' is unconnected for instance 'PS8_i' [c:/520lab_projects/fa24lab3/build/lab3/lab3.gen/sources_1/bd/system/ip/system_zynq_ultra_ps_e_0_1/hdl/zynq_ultra_ps_e_v3_4_1.v:3845]
WARNING: [Synth 8-7071] port 'PSS_ALTO_CORE_PAD_PROGB' of module 'PS8' is unconnected for instance 'PS8_i' [c:/520lab_projects/fa24lab3/build/lab3/lab3.gen/sources_1/bd/system/ip/system_zynq_ultra_ps_e_0_1/hdl/zynq_ultra_ps_e_v3_4_1.v:3845]
WARNING: [Synth 8-7071] port 'PSS_ALTO_CORE_PAD_RCALIBINOUT' of module 'PS8' is unconnected for instance 'PS8_i' [c:/520lab_projects/fa24lab3/build/lab3/lab3.gen/sources_1/bd/system/ip/system_zynq_ultra_ps_e_0_1/hdl/zynq_ultra_ps_e_v3_4_1.v:3845]
WARNING: [Synth 8-7071] port 'PSS_ALTO_CORE_PAD_SRSTB' of module 'PS8' is unconnected for instance 'PS8_i' [c:/520lab_projects/fa24lab3/build/lab3/lab3.gen/sources_1/bd/system/ip/system_zynq_ultra_ps_e_0_1/hdl/zynq_ultra_ps_e_v3_4_1.v:3845]
WARNING: [Synth 8-7071] port 'PSS_ALTO_CORE_PAD_ZQ' of module 'PS8' is unconnected for instance 'PS8_i' [c:/520lab_projects/fa24lab3/build/lab3/lab3.gen/sources_1/bd/system/ip/system_zynq_ultra_ps_e_0_1/hdl/zynq_ultra_ps_e_v3_4_1.v:3845]
WARNING: [Synth 8-7071] port 'PSS_ALTO_CORE_PAD_MGTRXN0IN' of module 'PS8' is unconnected for instance 'PS8_i' [c:/520lab_projects/fa24lab3/build/lab3/lab3.gen/sources_1/bd/system/ip/system_zynq_ultra_ps_e_0_1/hdl/zynq_ultra_ps_e_v3_4_1.v:3845]
WARNING: [Synth 8-7071] port 'PSS_ALTO_CORE_PAD_MGTRXN1IN' of module 'PS8' is unconnected for instance 'PS8_i' [c:/520lab_projects/fa24lab3/build/lab3/lab3.gen/sources_1/bd/system/ip/system_zynq_ultra_ps_e_0_1/hdl/zynq_ultra_ps_e_v3_4_1.v:3845]
WARNING: [Synth 8-7071] port 'PSS_ALTO_CORE_PAD_MGTRXN2IN' of module 'PS8' is unconnected for instance 'PS8_i' [c:/520lab_projects/fa24lab3/build/lab3/lab3.gen/sources_1/bd/system/ip/system_zynq_ultra_ps_e_0_1/hdl/zynq_ultra_ps_e_v3_4_1.v:3845]
WARNING: [Synth 8-7071] port 'PSS_ALTO_CORE_PAD_MGTRXN3IN' of module 'PS8' is unconnected for instance 'PS8_i' [c:/520lab_projects/fa24lab3/build/lab3/lab3.gen/sources_1/bd/system/ip/system_zynq_ultra_ps_e_0_1/hdl/zynq_ultra_ps_e_v3_4_1.v:3845]
WARNING: [Synth 8-7071] port 'PSS_ALTO_CORE_PAD_MGTRXP0IN' of module 'PS8' is unconnected for instance 'PS8_i' [c:/520lab_projects/fa24lab3/build/lab3/lab3.gen/sources_1/bd/system/ip/system_zynq_ultra_ps_e_0_1/hdl/zynq_ultra_ps_e_v3_4_1.v:3845]
WARNING: [Synth 8-7071] port 'PSS_ALTO_CORE_PAD_MGTRXP1IN' of module 'PS8' is unconnected for instance 'PS8_i' [c:/520lab_projects/fa24lab3/build/lab3/lab3.gen/sources_1/bd/system/ip/system_zynq_ultra_ps_e_0_1/hdl/zynq_ultra_ps_e_v3_4_1.v:3845]
WARNING: [Synth 8-7071] port 'PSS_ALTO_CORE_PAD_MGTRXP2IN' of module 'PS8' is unconnected for instance 'PS8_i' [c:/520lab_projects/fa24lab3/build/lab3/lab3.gen/sources_1/bd/system/ip/system_zynq_ultra_ps_e_0_1/hdl/zynq_ultra_ps_e_v3_4_1.v:3845]
WARNING: [Synth 8-7071] port 'PSS_ALTO_CORE_PAD_MGTRXP3IN' of module 'PS8' is unconnected for instance 'PS8_i' [c:/520lab_projects/fa24lab3/build/lab3/lab3.gen/sources_1/bd/system/ip/system_zynq_ultra_ps_e_0_1/hdl/zynq_ultra_ps_e_v3_4_1.v:3845]
WARNING: [Synth 8-7071] port 'PSS_ALTO_CORE_PAD_PADI' of module 'PS8' is unconnected for instance 'PS8_i' [c:/520lab_projects/fa24lab3/build/lab3/lab3.gen/sources_1/bd/system/ip/system_zynq_ultra_ps_e_0_1/hdl/zynq_ultra_ps_e_v3_4_1.v:3845]
WARNING: [Synth 8-7071] port 'PSS_ALTO_CORE_PAD_REFN0IN' of module 'PS8' is unconnected for instance 'PS8_i' [c:/520lab_projects/fa24lab3/build/lab3/lab3.gen/sources_1/bd/system/ip/system_zynq_ultra_ps_e_0_1/hdl/zynq_ultra_ps_e_v3_4_1.v:3845]
WARNING: [Synth 8-7071] port 'PSS_ALTO_CORE_PAD_REFN1IN' of module 'PS8' is unconnected for instance 'PS8_i' [c:/520lab_projects/fa24lab3/build/lab3/lab3.gen/sources_1/bd/system/ip/system_zynq_ultra_ps_e_0_1/hdl/zynq_ultra_ps_e_v3_4_1.v:3845]
WARNING: [Synth 8-7071] port 'PSS_ALTO_CORE_PAD_REFN2IN' of module 'PS8' is unconnected for instance 'PS8_i' [c:/520lab_projects/fa24lab3/build/lab3/lab3.gen/sources_1/bd/system/ip/system_zynq_ultra_ps_e_0_1/hdl/zynq_ultra_ps_e_v3_4_1.v:3845]
WARNING: [Synth 8-7071] port 'PSS_ALTO_CORE_PAD_REFN3IN' of module 'PS8' is unconnected for instance 'PS8_i' [c:/520lab_projects/fa24lab3/build/lab3/lab3.gen/sources_1/bd/system/ip/system_zynq_ultra_ps_e_0_1/hdl/zynq_ultra_ps_e_v3_4_1.v:3845]
WARNING: [Synth 8-7071] port 'PSS_ALTO_CORE_PAD_REFP0IN' of module 'PS8' is unconnected for instance 'PS8_i' [c:/520lab_projects/fa24lab3/build/lab3/lab3.gen/sources_1/bd/system/ip/system_zynq_ultra_ps_e_0_1/hdl/zynq_ultra_ps_e_v3_4_1.v:3845]
WARNING: [Synth 8-7071] port 'PSS_ALTO_CORE_PAD_REFP1IN' of module 'PS8' is unconnected for instance 'PS8_i' [c:/520lab_projects/fa24lab3/build/lab3/lab3.gen/sources_1/bd/system/ip/system_zynq_ultra_ps_e_0_1/hdl/zynq_ultra_ps_e_v3_4_1.v:3845]
WARNING: [Synth 8-7071] port 'PSS_ALTO_CORE_PAD_REFP2IN' of module 'PS8' is unconnected for instance 'PS8_i' [c:/520lab_projects/fa24lab3/build/lab3/lab3.gen/sources_1/bd/system/ip/system_zynq_ultra_ps_e_0_1/hdl/zynq_ultra_ps_e_v3_4_1.v:3845]
WARNING: [Synth 8-7071] port 'PSS_ALTO_CORE_PAD_REFP3IN' of module 'PS8' is unconnected for instance 'PS8_i' [c:/520lab_projects/fa24lab3/build/lab3/lab3.gen/sources_1/bd/system/ip/system_zynq_ultra_ps_e_0_1/hdl/zynq_ultra_ps_e_v3_4_1.v:3845]
WARNING: [Synth 8-7023] instance 'PS8_i' of module 'PS8' has 1015 connections declared, but only 957 given [c:/520lab_projects/fa24lab3/build/lab3/lab3.gen/sources_1/bd/system/ip/system_zynq_ultra_ps_e_0_1/hdl/zynq_ultra_ps_e_v3_4_1.v:3845]
INFO: [Synth 8-6155] done synthesizing module 'zynq_ultra_ps_e_v3_4_1_zynq_ultra_ps_e' (0#1) [c:/520lab_projects/fa24lab3/build/lab3/lab3.gen/sources_1/bd/system/ip/system_zynq_ultra_ps_e_0_1/hdl/zynq_ultra_ps_e_v3_4_1.v:68]
INFO: [Synth 8-256] done synthesizing module 'system_zynq_ultra_ps_e_0_1' (0#1) [c:/520lab_projects/fa24lab3/build/lab3/lab3.gen/sources_1/bd/system/ip/system_zynq_ultra_ps_e_0_1/synth/system_zynq_ultra_ps_e_0_1.vhd:105]
WARNING: [Synth 8-3848] Net dp_audio_ref_clk in module/entity zynq_ultra_ps_e_v3_4_1_zynq_ultra_ps_e does not have driver. [c:/520lab_projects/fa24lab3/build/lab3/lab3.gen/sources_1/bd/system/ip/system_zynq_ultra_ps_e_0_1/hdl/zynq_ultra_ps_e_v3_4_1.v:344]
WARNING: [Synth 8-3848] Net irq_ipi_pl_0 in module/entity zynq_ultra_ps_e_v3_4_1_zynq_ultra_ps_e does not have driver. [c:/520lab_projects/fa24lab3/build/lab3/lab3.gen/sources_1/bd/system/ip/system_zynq_ultra_ps_e_0_1/hdl/zynq_ultra_ps_e_v3_4_1.v:1364]
WARNING: [Synth 8-3848] Net irq_ipi_pl_1 in module/entity zynq_ultra_ps_e_v3_4_1_zynq_ultra_ps_e does not have driver. [c:/520lab_projects/fa24lab3/build/lab3/lab3.gen/sources_1/bd/system/ip/system_zynq_ultra_ps_e_0_1/hdl/zynq_ultra_ps_e_v3_4_1.v:1365]
WARNING: [Synth 8-3848] Net irq_ipi_pl_2 in module/entity zynq_ultra_ps_e_v3_4_1_zynq_ultra_ps_e does not have driver. [c:/520lab_projects/fa24lab3/build/lab3/lab3.gen/sources_1/bd/system/ip/system_zynq_ultra_ps_e_0_1/hdl/zynq_ultra_ps_e_v3_4_1.v:1366]
WARNING: [Synth 8-3848] Net irq_ipi_pl_3 in module/entity zynq_ultra_ps_e_v3_4_1_zynq_ultra_ps_e does not have driver. [c:/520lab_projects/fa24lab3/build/lab3/lab3.gen/sources_1/bd/system/ip/system_zynq_ultra_ps_e_0_1/hdl/zynq_ultra_ps_e_v3_4_1.v:1367]
WARNING: [Synth 8-7129] Port dp_audio_ref_clk in module zynq_ultra_ps_e_v3_4_1_zynq_ultra_ps_e is either unconnected or has no load
WARNING: [Synth 8-7129] Port irq_ipi_pl_0 in module zynq_ultra_ps_e_v3_4_1_zynq_ultra_ps_e is either unconnected or has no load
WARNING: [Synth 8-7129] Port irq_ipi_pl_1 in module zynq_ultra_ps_e_v3_4_1_zynq_ultra_ps_e is either unconnected or has no load
WARNING: [Synth 8-7129] Port irq_ipi_pl_2 in module zynq_ultra_ps_e_v3_4_1_zynq_ultra_ps_e is either unconnected or has no load
WARNING: [Synth 8-7129] Port irq_ipi_pl_3 in module zynq_ultra_ps_e_v3_4_1_zynq_ultra_ps_e is either unconnected or has no load
WARNING: [Synth 8-7129] Port saxihpc0_fpd_rclk in module zynq_ultra_ps_e_v3_4_1_zynq_ultra_ps_e is either unconnected or has no load
WARNING: [Synth 8-7129] Port saxihpc0_fpd_wclk in module zynq_ultra_ps_e_v3_4_1_zynq_ultra_ps_e is either unconnected or has no load
WARNING: [Synth 8-7129] Port saxihpc1_fpd_rclk in module zynq_ultra_ps_e_v3_4_1_zynq_ultra_ps_e is either unconnected or has no load
WARNING: [Synth 8-7129] Port saxihpc1_fpd_wclk in module zynq_ultra_ps_e_v3_4_1_zynq_ultra_ps_e is either unconnected or has no load
WARNING: [Synth 8-7129] Port saxihp0_fpd_rclk in module zynq_ultra_ps_e_v3_4_1_zynq_ultra_ps_e is either unconnected or has no load
WARNING: [Synth 8-7129] Port saxihp0_fpd_wclk in module zynq_ultra_ps_e_v3_4_1_zynq_ultra_ps_e is either unconnected or has no load
WARNING: [Synth 8-7129] Port saxihp1_fpd_rclk in module zynq_ultra_ps_e_v3_4_1_zynq_ultra_ps_e is either unconnected or has no load
WARNING: [Synth 8-7129] Port saxihp1_fpd_wclk in module zynq_ultra_ps_e_v3_4_1_zynq_ultra_ps_e is either unconnected or has no load
WARNING: [Synth 8-7129] Port saxihp2_fpd_rclk in module zynq_ultra_ps_e_v3_4_1_zynq_ultra_ps_e is either unconnected or has no load
WARNING: [Synth 8-7129] Port saxihp2_fpd_wclk in module zynq_ultra_ps_e_v3_4_1_zynq_ultra_ps_e is either unconnected or has no load
WARNING: [Synth 8-7129] Port saxihp3_fpd_rclk in module zynq_ultra_ps_e_v3_4_1_zynq_ultra_ps_e is either unconnected or has no load
WARNING: [Synth 8-7129] Port saxihp3_fpd_wclk in module zynq_ultra_ps_e_v3_4_1_zynq_ultra_ps_e is either unconnected or has no load
WARNING: [Synth 8-7129] Port saxi_lpd_rclk in module zynq_ultra_ps_e_v3_4_1_zynq_ultra_ps_e is either unconnected or has no load
WARNING: [Synth 8-7129] Port saxi_lpd_wclk in module zynq_ultra_ps_e_v3_4_1_zynq_ultra_ps_e is either unconnected or has no load
WARNING: [Synth 8-7129] Port sacefpd_awuser[15] in module zynq_ultra_ps_e_v3_4_1_zynq_ultra_ps_e is either unconnected or has no load
WARNING: [Synth 8-7129] Port sacefpd_awuser[14] in module zynq_ultra_ps_e_v3_4_1_zynq_ultra_ps_e is either unconnected or has no load
WARNING: [Synth 8-7129] Port sacefpd_awuser[13] in module zynq_ultra_ps_e_v3_4_1_zynq_ultra_ps_e is either unconnected or has no load
WARNING: [Synth 8-7129] Port sacefpd_awuser[12] in module zynq_ultra_ps_e_v3_4_1_zynq_ultra_ps_e is either unconnected or has no load
WARNING: [Synth 8-7129] Port sacefpd_awuser[11] in module zynq_ultra_ps_e_v3_4_1_zynq_ultra_ps_e is either unconnected or has no load
WARNING: [Synth 8-7129] Port sacefpd_awuser[10] in module zynq_ultra_ps_e_v3_4_1_zynq_ultra_ps_e is either unconnected or has no load
WARNING: [Synth 8-7129] Port sacefpd_awuser[9] in module zynq_ultra_ps_e_v3_4_1_zynq_ultra_ps_e is either unconnected or has no load
WARNING: [Synth 8-7129] Port sacefpd_awuser[8] in module zynq_ultra_ps_e_v3_4_1_zynq_ultra_ps_e is either unconnected or has no load
WARNING: [Synth 8-7129] Port sacefpd_awuser[7] in module zynq_ultra_ps_e_v3_4_1_zynq_ultra_ps_e is either unconnected or has no load
WARNING: [Synth 8-7129] Port sacefpd_awuser[6] in module zynq_ultra_ps_e_v3_4_1_zynq_ultra_ps_e is either unconnected or has no load
WARNING: [Synth 8-7129] Port sacefpd_aruser[15] in module zynq_ultra_ps_e_v3_4_1_zynq_ultra_ps_e is either unconnected or has no load
WARNING: [Synth 8-7129] Port sacefpd_aruser[14] in module zynq_ultra_ps_e_v3_4_1_zynq_ultra_ps_e is either unconnected or has no load
WARNING: [Synth 8-7129] Port sacefpd_aruser[13] in module zynq_ultra_ps_e_v3_4_1_zynq_ultra_ps_e is either unconnected or has no load
WARNING: [Synth 8-7129] Port sacefpd_aruser[12] in module zynq_ultra_ps_e_v3_4_1_zynq_ultra_ps_e is either unconnected or has no load
WARNING: [Synth 8-7129] Port sacefpd_aruser[11] in module zynq_ultra_ps_e_v3_4_1_zynq_ultra_ps_e is either unconnected or has no load
WARNING: [Synth 8-7129] Port sacefpd_aruser[10] in module zynq_ultra_ps_e_v3_4_1_zynq_ultra_ps_e is either unconnected or has no load
WARNING: [Synth 8-7129] Port sacefpd_aruser[9] in module zynq_ultra_ps_e_v3_4_1_zynq_ultra_ps_e is either unconnected or has no load
WARNING: [Synth 8-7129] Port sacefpd_aruser[8] in module zynq_ultra_ps_e_v3_4_1_zynq_ultra_ps_e is either unconnected or has no load
WARNING: [Synth 8-7129] Port sacefpd_aruser[7] in module zynq_ultra_ps_e_v3_4_1_zynq_ultra_ps_e is either unconnected or has no load
WARNING: [Synth 8-7129] Port sacefpd_aruser[6] in module zynq_ultra_ps_e_v3_4_1_zynq_ultra_ps_e is either unconnected or has no load
WARNING: [Synth 8-7129] Port test_adc_clk[3] in module zynq_ultra_ps_e_v3_4_1_zynq_ultra_ps_e is either unconnected or has no load
WARNING: [Synth 8-7129] Port test_adc_clk[2] in module zynq_ultra_ps_e_v3_4_1_zynq_ultra_ps_e is either unconnected or has no load
WARNING: [Synth 8-7129] Port test_adc_clk[1] in module zynq_ultra_ps_e_v3_4_1_zynq_ultra_ps_e is either unconnected or has no load
WARNING: [Synth 8-7129] Port test_adc_clk[0] in module zynq_ultra_ps_e_v3_4_1_zynq_ultra_ps_e is either unconnected or has no load
WARNING: [Synth 8-7129] Port test_adc_in[31] in module zynq_ultra_ps_e_v3_4_1_zynq_ultra_ps_e is either unconnected or has no load
WARNING: [Synth 8-7129] Port test_adc_in[30] in module zynq_ultra_ps_e_v3_4_1_zynq_ultra_ps_e is either unconnected or has no load
WARNING: [Synth 8-7129] Port test_adc_in[29] in module zynq_ultra_ps_e_v3_4_1_zynq_ultra_ps_e is either unconnected or has no load
WARNING: [Synth 8-7129] Port test_adc_in[28] in module zynq_ultra_ps_e_v3_4_1_zynq_ultra_ps_e is either unconnected or has no load
WARNING: [Synth 8-7129] Port test_adc_in[27] in module zynq_ultra_ps_e_v3_4_1_zynq_ultra_ps_e is either unconnected or has no load
WARNING: [Synth 8-7129] Port test_adc_in[26] in module zynq_ultra_ps_e_v3_4_1_zynq_ultra_ps_e is either unconnected or has no load
WARNING: [Synth 8-7129] Port test_adc_in[25] in module zynq_ultra_ps_e_v3_4_1_zynq_ultra_ps_e is either unconnected or has no load
WARNING: [Synth 8-7129] Port test_adc_in[24] in module zynq_ultra_ps_e_v3_4_1_zynq_ultra_ps_e is either unconnected or has no load
WARNING: [Synth 8-7129] Port test_adc_in[23] in module zynq_ultra_ps_e_v3_4_1_zynq_ultra_ps_e is either unconnected or has no load
WARNING: [Synth 8-7129] Port test_adc_in[22] in module zynq_ultra_ps_e_v3_4_1_zynq_ultra_ps_e is either unconnected or has no load
WARNING: [Synth 8-7129] Port test_adc_in[21] in module zynq_ultra_ps_e_v3_4_1_zynq_ultra_ps_e is either unconnected or has no load
WARNING: [Synth 8-7129] Port test_adc_in[20] in module zynq_ultra_ps_e_v3_4_1_zynq_ultra_ps_e is either unconnected or has no load
WARNING: [Synth 8-7129] Port test_adc_in[19] in module zynq_ultra_ps_e_v3_4_1_zynq_ultra_ps_e is either unconnected or has no load
WARNING: [Synth 8-7129] Port test_adc_in[18] in module zynq_ultra_ps_e_v3_4_1_zynq_ultra_ps_e is either unconnected or has no load
WARNING: [Synth 8-7129] Port test_adc_in[17] in module zynq_ultra_ps_e_v3_4_1_zynq_ultra_ps_e is either unconnected or has no load
WARNING: [Synth 8-7129] Port test_adc_in[16] in module zynq_ultra_ps_e_v3_4_1_zynq_ultra_ps_e is either unconnected or has no load
WARNING: [Synth 8-7129] Port test_adc_in[15] in module zynq_ultra_ps_e_v3_4_1_zynq_ultra_ps_e is either unconnected or has no load
WARNING: [Synth 8-7129] Port test_adc_in[14] in module zynq_ultra_ps_e_v3_4_1_zynq_ultra_ps_e is either unconnected or has no load
WARNING: [Synth 8-7129] Port test_adc_in[13] in module zynq_ultra_ps_e_v3_4_1_zynq_ultra_ps_e is either unconnected or has no load
WARNING: [Synth 8-7129] Port test_adc_in[12] in module zynq_ultra_ps_e_v3_4_1_zynq_ultra_ps_e is either unconnected or has no load
WARNING: [Synth 8-7129] Port test_adc_in[11] in module zynq_ultra_ps_e_v3_4_1_zynq_ultra_ps_e is either unconnected or has no load
WARNING: [Synth 8-7129] Port test_adc_in[10] in module zynq_ultra_ps_e_v3_4_1_zynq_ultra_ps_e is either unconnected or has no load
WARNING: [Synth 8-7129] Port test_adc_in[9] in module zynq_ultra_ps_e_v3_4_1_zynq_ultra_ps_e is either unconnected or has no load
WARNING: [Synth 8-7129] Port test_adc_in[8] in module zynq_ultra_ps_e_v3_4_1_zynq_ultra_ps_e is either unconnected or has no load
WARNING: [Synth 8-7129] Port test_adc_in[7] in module zynq_ultra_ps_e_v3_4_1_zynq_ultra_ps_e is either unconnected or has no load
WARNING: [Synth 8-7129] Port test_adc_in[6] in module zynq_ultra_ps_e_v3_4_1_zynq_ultra_ps_e is either unconnected or has no load
WARNING: [Synth 8-7129] Port test_adc_in[5] in module zynq_ultra_ps_e_v3_4_1_zynq_ultra_ps_e is either unconnected or has no load
WARNING: [Synth 8-7129] Port test_adc_in[4] in module zynq_ultra_ps_e_v3_4_1_zynq_ultra_ps_e is either unconnected or has no load
WARNING: [Synth 8-7129] Port test_adc_in[3] in module zynq_ultra_ps_e_v3_4_1_zynq_ultra_ps_e is either unconnected or has no load
WARNING: [Synth 8-7129] Port test_adc_in[2] in module zynq_ultra_ps_e_v3_4_1_zynq_ultra_ps_e is either unconnected or has no load
WARNING: [Synth 8-7129] Port test_adc_in[1] in module zynq_ultra_ps_e_v3_4_1_zynq_ultra_ps_e is either unconnected or has no load
WARNING: [Synth 8-7129] Port test_adc_in[0] in module zynq_ultra_ps_e_v3_4_1_zynq_ultra_ps_e is either unconnected or has no load
WARNING: [Synth 8-7129] Port test_adc2_in[31] in module zynq_ultra_ps_e_v3_4_1_zynq_ultra_ps_e is either unconnected or has no load
WARNING: [Synth 8-7129] Port test_adc2_in[30] in module zynq_ultra_ps_e_v3_4_1_zynq_ultra_ps_e is either unconnected or has no load
WARNING: [Synth 8-7129] Port test_adc2_in[29] in module zynq_ultra_ps_e_v3_4_1_zynq_ultra_ps_e is either unconnected or has no load
WARNING: [Synth 8-7129] Port test_adc2_in[28] in module zynq_ultra_ps_e_v3_4_1_zynq_ultra_ps_e is either unconnected or has no load
WARNING: [Synth 8-7129] Port test_adc2_in[27] in module zynq_ultra_ps_e_v3_4_1_zynq_ultra_ps_e is either unconnected or has no load
WARNING: [Synth 8-7129] Port test_adc2_in[26] in module zynq_ultra_ps_e_v3_4_1_zynq_ultra_ps_e is either unconnected or has no load
WARNING: [Synth 8-7129] Port test_adc2_in[25] in module zynq_ultra_ps_e_v3_4_1_zynq_ultra_ps_e is either unconnected or has no load
WARNING: [Synth 8-7129] Port test_adc2_in[24] in module zynq_ultra_ps_e_v3_4_1_zynq_ultra_ps_e is either unconnected or has no load
WARNING: [Synth 8-7129] Port test_adc2_in[23] in module zynq_ultra_ps_e_v3_4_1_zynq_ultra_ps_e is either unconnected or has no load
WARNING: [Synth 8-7129] Port test_adc2_in[22] in module zynq_ultra_ps_e_v3_4_1_zynq_ultra_ps_e is either unconnected or has no load
WARNING: [Synth 8-7129] Port test_adc2_in[21] in module zynq_ultra_ps_e_v3_4_1_zynq_ultra_ps_e is either unconnected or has no load
WARNING: [Synth 8-7129] Port test_adc2_in[20] in module zynq_ultra_ps_e_v3_4_1_zynq_ultra_ps_e is either unconnected or has no load
WARNING: [Synth 8-7129] Port test_adc2_in[19] in module zynq_ultra_ps_e_v3_4_1_zynq_ultra_ps_e is either unconnected or has no load
WARNING: [Synth 8-7129] Port test_adc2_in[18] in module zynq_ultra_ps_e_v3_4_1_zynq_ultra_ps_e is either unconnected or has no load
WARNING: [Synth 8-7129] Port test_adc2_in[17] in module zynq_ultra_ps_e_v3_4_1_zynq_ultra_ps_e is either unconnected or has no load
WARNING: [Synth 8-7129] Port test_adc2_in[16] in module zynq_ultra_ps_e_v3_4_1_zynq_ultra_ps_e is either unconnected or has no load
WARNING: [Synth 8-7129] Port test_adc2_in[15] in module zynq_ultra_ps_e_v3_4_1_zynq_ultra_ps_e is either unconnected or has no load
WARNING: [Synth 8-7129] Port test_adc2_in[14] in module zynq_ultra_ps_e_v3_4_1_zynq_ultra_ps_e is either unconnected or has no load
WARNING: [Synth 8-7129] Port test_adc2_in[13] in module zynq_ultra_ps_e_v3_4_1_zynq_ultra_ps_e is either unconnected or has no load
WARNING: [Synth 8-7129] Port test_adc2_in[12] in module zynq_ultra_ps_e_v3_4_1_zynq_ultra_ps_e is either unconnected or has no load
WARNING: [Synth 8-7129] Port test_adc2_in[11] in module zynq_ultra_ps_e_v3_4_1_zynq_ultra_ps_e is either unconnected or has no load
WARNING: [Synth 8-7129] Port test_adc2_in[10] in module zynq_ultra_ps_e_v3_4_1_zynq_ultra_ps_e is either unconnected or has no load
WARNING: [Synth 8-7129] Port test_adc2_in[9] in module zynq_ultra_ps_e_v3_4_1_zynq_ultra_ps_e is either unconnected or has no load
WARNING: [Synth 8-7129] Port test_adc2_in[8] in module zynq_ultra_ps_e_v3_4_1_zynq_ultra_ps_e is either unconnected or has no load
WARNING: [Synth 8-7129] Port test_adc2_in[7] in module zynq_ultra_ps_e_v3_4_1_zynq_ultra_ps_e is either unconnected or has no load
INFO: [Common 17-14] Message 'Synth 8-7129' appears 100 times and further instances of the messages will be disabled. Use the Tcl command set_msg_config to change the current settings.
---------------------------------------------------------------------------------
Finished RTL Elaboration : Time (s): cpu = 00:00:05 ; elapsed = 00:00:10 . Memory (MB): peak = 2500.625 ; gain = 437.707
---------------------------------------------------------------------------------
---------------------------------------------------------------------------------
Start Handling Custom Attributes
---------------------------------------------------------------------------------
---------------------------------------------------------------------------------
Finished Handling Custom Attributes : Time (s): cpu = 00:00:05 ; elapsed = 00:00:10 . Memory (MB): peak = 2518.547 ; gain = 455.629
---------------------------------------------------------------------------------
---------------------------------------------------------------------------------
Finished RTL Optimization Phase 1 : Time (s): cpu = 00:00:05 ; elapsed = 00:00:10 . Memory (MB): peak = 2518.547 ; gain = 455.629
---------------------------------------------------------------------------------
Netlist sorting complete. Time (s): cpu = 00:00:00 ; elapsed = 00:00:00.067 . Memory (MB): peak = 2530.566 ; gain = 0.000
INFO: [Project 1-570] Preparing netlist for logic optimization

Processing XDC Constraints
Initializing timing engine
Parsing XDC File [c:/520lab_projects/fa24lab3/build/lab3/lab3.gen/sources_1/bd/system/ip/system_zynq_ultra_ps_e_0_1/system_zynq_ultra_ps_e_0_1_ooc.xdc] for cell 'U0'
Finished Parsing XDC File [c:/520lab_projects/fa24lab3/build/lab3/lab3.gen/sources_1/bd/system/ip/system_zynq_ultra_ps_e_0_1/system_zynq_ultra_ps_e_0_1_ooc.xdc] for cell 'U0'
Parsing XDC File [c:/520lab_projects/fa24lab3/build/lab3/lab3.gen/sources_1/bd/system/ip/system_zynq_ultra_ps_e_0_1/system_zynq_ultra_ps_e_0_1.xdc] for cell 'U0'
wait_on_runs: Time (s): cpu = 00:00:03 ; elapsed = 00:00:45 . Memory (MB): peak = 1948.500 ; gain = 0.000
INFO: [Common 17-344] 'wait_on_runs' was cancelled
ERROR: [Vivado 12-4146] Open Elaborated Design failed due to the following error:
ERROR: [Common 17-69] Command failed: 

add_files -norecurse -scan_for_includes C:/520lab_projects/fa24lab3/bd/system/hdl/system_wrapper.vhd
import_files -norecurse C:/520lab_projects/fa24lab3/bd/system/hdl/system_wrapper.vhd
update_compile_order -fileset sources_1
export_ip_user_files -of_objects  [get_files C:/520lab_projects/fa24lab3/build/lab3/lab3.gen/sources_1/bd/system/hdl/system_wrapper.vhd] -no_script -reset -force -quiet
remove_files  C:/520lab_projects/fa24lab3/build/lab3/lab3.gen/sources_1/bd/system/hdl/system_wrapper.vhd
reset_run system_axi_gpio_0_0_synth_1
launch_runs system_axi_gpio_0_0_synth_1
INFO: [IP_Flow 19-6924] IPCACHE: Running cache check for IP inst: system_axi_gpio_0_0
INFO: [IP_Flow 19-6922] IPCACHE: Exporting cached entry e25f48956975f619 to dir: c:/520lab_projects/fa24lab3/build/lab3/lab3.gen/sources_1/bd/system/ip/system_axi_gpio_0_0
INFO: [IP_Flow 19-6928] IPCACHE: copied cached file c:/520lab_projects/fa24lab3/build/lab3/lab3.cache/ip/2022.2/e/2/e25f48956975f619/system_axi_gpio_0_0.dcp to c:/520lab_projects/fa24lab3/build/lab3/lab3.gen/sources_1/bd/system/ip/system_axi_gpio_0_0/system_axi_gpio_0_0.dcp.
INFO: [IP_Flow 19-6926] IPCACHE: added file to list for BOM: c:/520lab_projects/fa24lab3/build/lab3/lab3.gen/sources_1/bd/system/ip/system_axi_gpio_0_0/system_axi_gpio_0_0.dcp
INFO: [IP_Flow 19-6928] IPCACHE: copied cached file c:/520lab_projects/fa24lab3/build/lab3/lab3.cache/ip/2022.2/e/2/e25f48956975f619/system_axi_gpio_0_0_sim_netlist.v to c:/520lab_projects/fa24lab3/build/lab3/lab3.gen/sources_1/bd/system/ip/system_axi_gpio_0_0/system_axi_gpio_0_0_sim_netlist.v.
INFO: [IP_Flow 19-6926] IPCACHE: added file to list for BOM: c:/520lab_projects/fa24lab3/build/lab3/lab3.gen/sources_1/bd/system/ip/system_axi_gpio_0_0/system_axi_gpio_0_0_sim_netlist.v
INFO: [IP_Flow 19-6928] IPCACHE: copied cached file c:/520lab_projects/fa24lab3/build/lab3/lab3.cache/ip/2022.2/e/2/e25f48956975f619/system_axi_gpio_0_0_sim_netlist.vhdl to c:/520lab_projects/fa24lab3/build/lab3/lab3.gen/sources_1/bd/system/ip/system_axi_gpio_0_0/system_axi_gpio_0_0_sim_netlist.vhdl.
INFO: [IP_Flow 19-6926] IPCACHE: added file to list for BOM: c:/520lab_projects/fa24lab3/build/lab3/lab3.gen/sources_1/bd/system/ip/system_axi_gpio_0_0/system_axi_gpio_0_0_sim_netlist.vhdl
INFO: [IP_Flow 19-6928] IPCACHE: copied cached file c:/520lab_projects/fa24lab3/build/lab3/lab3.cache/ip/2022.2/e/2/e25f48956975f619/system_axi_gpio_0_0_stub.v to c:/520lab_projects/fa24lab3/build/lab3/lab3.gen/sources_1/bd/system/ip/system_axi_gpio_0_0/system_axi_gpio_0_0_stub.v.
INFO: [IP_Flow 19-6926] IPCACHE: added file to list for BOM: c:/520lab_projects/fa24lab3/build/lab3/lab3.gen/sources_1/bd/system/ip/system_axi_gpio_0_0/system_axi_gpio_0_0_stub.v
INFO: [IP_Flow 19-6928] IPCACHE: copied cached file c:/520lab_projects/fa24lab3/build/lab3/lab3.cache/ip/2022.2/e/2/e25f48956975f619/system_axi_gpio_0_0_stub.vhdl to c:/520lab_projects/fa24lab3/build/lab3/lab3.gen/sources_1/bd/system/ip/system_axi_gpio_0_0/system_axi_gpio_0_0_stub.vhdl.
INFO: [IP_Flow 19-6926] IPCACHE: added file to list for BOM: c:/520lab_projects/fa24lab3/build/lab3/lab3.gen/sources_1/bd/system/ip/system_axi_gpio_0_0/system_axi_gpio_0_0_stub.vhdl
INFO: [IP_Flow 19-4993] Using cached IP synthesis design for IP system_axi_gpio_0_0, cache-ID = e25f48956975f619; cache size = 5.706 MB.
[Sat Sep 21 12:20:26 2024] Launched system_axi_gpio_0_0_synth_1...
Run output will be captured here: C:/520lab_projects/fa24lab3/build/lab3/lab3.runs/system_axi_gpio_0_0_synth_1/runme.log
wait_on_run system_axi_gpio_0_0_synth_1
[Sat Sep 21 12:20:26 2024] Waiting for system_axi_gpio_0_0_synth_1 to finish...
INFO: [Common 17-41] Interrupt caught. Command should exit soon.
[Sat Sep 21 12:20:31 2024] Waiting for system_axi_gpio_0_0_synth_1 to finish...
[Sat Sep 21 12:20:31 2024] Interrupt received

*** Running vivado
    with args -log system_axi_gpio_0_0.vds -m64 -product Vivado -mode batch -messageDb vivado.pb -notrace -source system_axi_gpio_0_0.tcl

wait_on_runs: Time (s): cpu = 00:00:00 ; elapsed = 00:00:05 . Memory (MB): peak = 1971.887 ; gain = 0.000
INFO: [Common 17-344] 'wait_on_runs' was cancelled
ERROR: [Vivado 12-4146] Open Elaborated Design failed due to the following error:
ERROR: [Common 17-69] Command failed: 

open_bd_design {C:/520lab_projects/fa24lab3/build/lab3/lab3.srcs/sources_1/bd/system/system.bd}
Reading block design file <C:/520lab_projects/fa24lab3/build/lab3/lab3.srcs/sources_1/bd/system/system.bd>...
Adding component instance block -- xilinx.com:ip:zynq_ultra_ps_e:3.4 - u0
Adding component instance block -- xilinx.com:ip:axi_gpio:2.0 - u1_gpio
Adding component instance block -- xilinx.com:ip:axi_interconnect:2.1 - u0_peripheral_interconnect
Adding component instance block -- xilinx.com:ip:axi_dwidth_converter:2.1 - auto_ds
Adding component instance block -- xilinx.com:ip:axi_protocol_converter:2.1 - auto_pc
Adding component instance block -- xilinx.com:ip:proc_sys_reset:5.0 - rst_u0_99M
Adding component instance block -- xilinx.com:ip:xlslice:1.0 - xlslice_0
Adding component instance block -- xilinx.com:ip:xlslice:1.0 - xlslice_1
Adding component instance block -- xilinx.com:ip:xlslice:1.0 - xlslice_2
Successfully read diagram <system> from block design file <C:/520lab_projects/fa24lab3/build/lab3/lab3.srcs/sources_1/bd/system/system.bd>
open_bd_design: Time (s): cpu = 00:00:05 ; elapsed = 00:00:09 . Memory (MB): peak = 1971.887 ; gain = 0.000
