
*** Running vivado
    with args -log kr260_top.vds -m64 -product Vivado -mode batch -messageDb vivado.pb -notrace -source kr260_top.tcl



****** Vivado v2022.2 (64-bit)
  **** SW Build 3671981 on Fri Oct 14 05:00:03 MDT 2022
  **** IP Build 3669848 on Fri Oct 14 08:30:02 MDT 2022
    ** Copyright 1986-2022 Xilinx, Inc. All Rights Reserved.

source kr260_top.tcl -notrace
create_project: Time (s): cpu = 00:00:03 ; elapsed = 00:00:07 . Memory (MB): peak = 430.641 ; gain = 78.145
INFO: [IP_Flow 19-234] Refreshing IP repositories
INFO: [IP_Flow 19-1704] No user IP repositories specified
INFO: [IP_Flow 19-2313] Loaded Vivado IP repository 'C:/Xilinx/Vivado/2022.2/data/ip'.
Command: read_checkpoint -auto_incremental -incremental C:/520lab_projects/fa24lab3/build/lab3/lab3.srcs/utils_1/imports/synth_1/kr260_top.dcp
INFO: [Vivado 12-5825] Read reference checkpoint from C:/520lab_projects/fa24lab3/build/lab3/lab3.srcs/utils_1/imports/synth_1/kr260_top.dcp for incremental synthesis
INFO: [Vivado 12-7989] Please ensure there are no constraint changes
Command: synth_design -top kr260_top -part xck26-sfvc784-2LV-c
Starting synth_design
Attempting to get a license for feature 'Synthesis' and/or device 'xck26'
INFO: [Common 17-349] Got license for feature 'Synthesis' and/or device 'xck26'
INFO: [Device 21-403] Loading part xck26-sfvc784-2LV-c
INFO: [Designutils 20-5440] No compile time benefit to using incremental synthesis; A full resynthesis will be run
INFO: [Designutils 20-4379] Flow is switching to default flow due to incremental criteria not met. If you would like to alter this behaviour and have the flow terminate instead, please set the following parameter config_implementation {autoIncr.Synth.RejectBehavior Terminate}
INFO: [Synth 8-7079] Multithreading enabled for synth_design using a maximum of 2 processes.
INFO: [Synth 8-7078] Launching helper process for spawning children vivado processes
INFO: [Synth 8-7075] Helper process launched with PID 484
INFO: [Synth 8-11241] undeclared symbol 'REGCCE', assumed default net type 'wire' [C:/Xilinx/Vivado/2022.2/data/verilog/src/unimacro/BRAM_SINGLE_MACRO.v:2170]
---------------------------------------------------------------------------------
Starting RTL Elaboration : Time (s): cpu = 00:00:01 ; elapsed = 00:00:05 . Memory (MB): peak = 1834.961 ; gain = 333.660
---------------------------------------------------------------------------------
INFO: [Synth 8-6157] synthesizing module 'kr260_top' [C:/520lab_projects/fa24lab3/src/kr260_top.sv:23]
INFO: [Synth 8-638] synthesizing module 'system_wrapper' [C:/520lab_projects/fa24lab3/build/lab3/lab3.srcs/sources_1/imports/hdl/system_wrapper.vhd:24]
INFO: [Synth 8-3491] module 'system' declared at 'c:/520lab_projects/fa24lab3/build/lab3/lab3.gen/sources_1/bd/system/synth/system.vhd:760' bound to instance 'system_i' of component 'system' [C:/520lab_projects/fa24lab3/build/lab3/lab3.srcs/sources_1/imports/hdl/system_wrapper.vhd:35]
INFO: [Synth 8-638] synthesizing module 'system' [c:/520lab_projects/fa24lab3/build/lab3/lab3.gen/sources_1/bd/system/synth/system.vhd:774]
INFO: [Synth 8-3491] module 'system_rst_u0_99M_0' declared at 'C:/520lab_projects/fa24lab3/build/lab3/lab3.runs/synth_1/.Xil/Vivado-11100-Madhu/realtime/system_rst_u0_99M_0_stub.vhdl:5' bound to instance 'rst_u0_99M' of component 'system_rst_u0_99M_0' [c:/520lab_projects/fa24lab3/build/lab3/lab3.gen/sources_1/bd/system/synth/system.vhd:959]
INFO: [Synth 8-638] synthesizing module 'system_rst_u0_99M_0' [C:/520lab_projects/fa24lab3/build/lab3/lab3.runs/synth_1/.Xil/Vivado-11100-Madhu/realtime/system_rst_u0_99M_0_stub.vhdl:21]
INFO: [Synth 8-3491] module 'system_zynq_ultra_ps_e_0_1' declared at 'C:/520lab_projects/fa24lab3/build/lab3/lab3.runs/synth_1/.Xil/Vivado-11100-Madhu/realtime/system_zynq_ultra_ps_e_0_1_stub.vhdl:5' bound to instance 'u0' of component 'system_zynq_ultra_ps_e_0_1' [c:/520lab_projects/fa24lab3/build/lab3/lab3.gen/sources_1/bd/system/synth/system.vhd:972]
INFO: [Synth 8-638] synthesizing module 'system_zynq_ultra_ps_e_0_1' [C:/520lab_projects/fa24lab3/build/lab3/lab3.runs/synth_1/.Xil/Vivado-11100-Madhu/realtime/system_zynq_ultra_ps_e_0_1_stub.vhdl:55]
INFO: [Synth 8-638] synthesizing module 'system_u0_axi_periph_0' [c:/520lab_projects/fa24lab3/build/lab3/lab3.gen/sources_1/bd/system/synth/system.vhd:576]
INFO: [Synth 8-638] synthesizing module 's00_couplers_imp_16M8LUN' [c:/520lab_projects/fa24lab3/build/lab3/lab3.gen/sources_1/bd/system/synth/system.vhd:77]
INFO: [Synth 8-3491] module 'system_auto_ds_0' declared at 'C:/520lab_projects/fa24lab3/build/lab3/lab3.runs/synth_1/.Xil/Vivado-11100-Madhu/realtime/system_auto_ds_0_stub.vhdl:5' bound to instance 'auto_ds' of component 'system_auto_ds_0' [c:/520lab_projects/fa24lab3/build/lab3/lab3.gen/sources_1/bd/system/synth/system.vhd:368]
INFO: [Synth 8-638] synthesizing module 'system_auto_ds_0' [C:/520lab_projects/fa24lab3/build/lab3/lab3.runs/synth_1/.Xil/Vivado-11100-Madhu/realtime/system_auto_ds_0_stub.vhdl:87]
INFO: [Synth 8-3491] module 'system_auto_pc_0' declared at 'C:/520lab_projects/fa24lab3/build/lab3/lab3.runs/synth_1/.Xil/Vivado-11100-Madhu/realtime/system_auto_pc_0_stub.vhdl:5' bound to instance 'auto_pc' of component 'system_auto_pc_0' [c:/520lab_projects/fa24lab3/build/lab3/lab3.gen/sources_1/bd/system/synth/system.vhd:447]
INFO: [Synth 8-638] synthesizing module 'system_auto_pc_0' [C:/520lab_projects/fa24lab3/build/lab3/lab3.runs/synth_1/.Xil/Vivado-11100-Madhu/realtime/system_auto_pc_0_stub.vhdl:67]
INFO: [Synth 8-256] done synthesizing module 's00_couplers_imp_16M8LUN' (0#1) [c:/520lab_projects/fa24lab3/build/lab3/lab3.gen/sources_1/bd/system/synth/system.vhd:77]
INFO: [Synth 8-256] done synthesizing module 'system_u0_axi_periph_0' (0#1) [c:/520lab_projects/fa24lab3/build/lab3/lab3.gen/sources_1/bd/system/synth/system.vhd:576]
INFO: [Synth 8-3491] module 'system_axi_gpio_0_0' declared at 'C:/520lab_projects/fa24lab3/build/lab3/lab3.runs/synth_1/.Xil/Vivado-11100-Madhu/realtime/system_axi_gpio_0_0_stub.vhdl:5' bound to instance 'u1_gpio' of component 'system_axi_gpio_0_0' [c:/520lab_projects/fa24lab3/build/lab3/lab3.gen/sources_1/bd/system/synth/system.vhd:1082]
INFO: [Synth 8-638] synthesizing module 'system_axi_gpio_0_0' [C:/520lab_projects/fa24lab3/build/lab3/lab3.runs/synth_1/.Xil/Vivado-11100-Madhu/realtime/system_axi_gpio_0_0_stub.vhdl:31]
INFO: [Synth 8-3491] module 'system_xlslice_0_0' declared at 'c:/520lab_projects/fa24lab3/build/lab3/lab3.gen/sources_1/bd/system/ip/system_xlslice_0_0/synth/system_xlslice_0_0.v:53' bound to instance 'xlslice_0' of component 'system_xlslice_0_0' [c:/520lab_projects/fa24lab3/build/lab3/lab3.gen/sources_1/bd/system/synth/system.vhd:1105]
INFO: [Synth 8-6157] synthesizing module 'system_xlslice_0_0' [c:/520lab_projects/fa24lab3/build/lab3/lab3.gen/sources_1/bd/system/ip/system_xlslice_0_0/synth/system_xlslice_0_0.v:53]
INFO: [Synth 8-6157] synthesizing module 'xlslice_v1_0_2_xlslice' [c:/520lab_projects/fa24lab3/build/lab3/lab3.gen/sources_1/bd/system/ipshared/11d0/hdl/xlslice_v1_0_vl_rfs.v:13]
INFO: [Synth 8-6155] done synthesizing module 'xlslice_v1_0_2_xlslice' (0#1) [c:/520lab_projects/fa24lab3/build/lab3/lab3.gen/sources_1/bd/system/ipshared/11d0/hdl/xlslice_v1_0_vl_rfs.v:13]
INFO: [Synth 8-6155] done synthesizing module 'system_xlslice_0_0' (0#1) [c:/520lab_projects/fa24lab3/build/lab3/lab3.gen/sources_1/bd/system/ip/system_xlslice_0_0/synth/system_xlslice_0_0.v:53]
INFO: [Synth 8-3491] module 'system_xlslice_0_1' declared at 'c:/520lab_projects/fa24lab3/build/lab3/lab3.gen/sources_1/bd/system/ip/system_xlslice_0_1/synth/system_xlslice_0_1.v:53' bound to instance 'xlslice_1' of component 'system_xlslice_0_1' [c:/520lab_projects/fa24lab3/build/lab3/lab3.gen/sources_1/bd/system/synth/system.vhd:1110]
INFO: [Synth 8-6157] synthesizing module 'system_xlslice_0_1' [c:/520lab_projects/fa24lab3/build/lab3/lab3.gen/sources_1/bd/system/ip/system_xlslice_0_1/synth/system_xlslice_0_1.v:53]
INFO: [Synth 8-6157] synthesizing module 'xlslice_v1_0_2_xlslice__parameterized0' [c:/520lab_projects/fa24lab3/build/lab3/lab3.gen/sources_1/bd/system/ipshared/11d0/hdl/xlslice_v1_0_vl_rfs.v:13]
INFO: [Synth 8-6155] done synthesizing module 'xlslice_v1_0_2_xlslice__parameterized0' (0#1) [c:/520lab_projects/fa24lab3/build/lab3/lab3.gen/sources_1/bd/system/ipshared/11d0/hdl/xlslice_v1_0_vl_rfs.v:13]
INFO: [Synth 8-6155] done synthesizing module 'system_xlslice_0_1' (0#1) [c:/520lab_projects/fa24lab3/build/lab3/lab3.gen/sources_1/bd/system/ip/system_xlslice_0_1/synth/system_xlslice_0_1.v:53]
INFO: [Synth 8-3491] module 'system_xlslice_1_0' declared at 'c:/520lab_projects/fa24lab3/build/lab3/lab3.gen/sources_1/bd/system/ip/system_xlslice_1_0/synth/system_xlslice_1_0.v:53' bound to instance 'xlslice_2' of component 'system_xlslice_1_0' [c:/520lab_projects/fa24lab3/build/lab3/lab3.gen/sources_1/bd/system/synth/system.vhd:1115]
INFO: [Synth 8-6157] synthesizing module 'system_xlslice_1_0' [c:/520lab_projects/fa24lab3/build/lab3/lab3.gen/sources_1/bd/system/ip/system_xlslice_1_0/synth/system_xlslice_1_0.v:53]
INFO: [Synth 8-6157] synthesizing module 'xlslice_v1_0_2_xlslice__parameterized1' [c:/520lab_projects/fa24lab3/build/lab3/lab3.gen/sources_1/bd/system/ipshared/11d0/hdl/xlslice_v1_0_vl_rfs.v:13]
INFO: [Synth 8-6155] done synthesizing module 'xlslice_v1_0_2_xlslice__parameterized1' (0#1) [c:/520lab_projects/fa24lab3/build/lab3/lab3.gen/sources_1/bd/system/ipshared/11d0/hdl/xlslice_v1_0_vl_rfs.v:13]
INFO: [Synth 8-6155] done synthesizing module 'system_xlslice_1_0' (0#1) [c:/520lab_projects/fa24lab3/build/lab3/lab3.gen/sources_1/bd/system/ip/system_xlslice_1_0/synth/system_xlslice_1_0.v:53]
INFO: [Synth 8-256] done synthesizing module 'system' (0#1) [c:/520lab_projects/fa24lab3/build/lab3/lab3.gen/sources_1/bd/system/synth/system.vhd:774]
INFO: [Synth 8-256] done synthesizing module 'system_wrapper' (0#1) [C:/520lab_projects/fa24lab3/build/lab3/lab3.srcs/sources_1/imports/hdl/system_wrapper.vhd:24]
INFO: [Synth 8-6157] synthesizing module 'triple_voter' [C:/520lab_projects/fa24lab3/src/triple_voter.sv:1]
INFO: [Synth 8-6155] done synthesizing module 'triple_voter' (0#1) [C:/520lab_projects/fa24lab3/src/triple_voter.sv:1]
INFO: [Synth 8-6155] done synthesizing module 'kr260_top' (0#1) [C:/520lab_projects/fa24lab3/src/kr260_top.sv:23]
WARNING: [Synth 8-7129] Port Din[1] in module xlslice_v1_0_2_xlslice__parameterized1 is either unconnected or has no load
WARNING: [Synth 8-7129] Port Din[0] in module xlslice_v1_0_2_xlslice__parameterized1 is either unconnected or has no load
WARNING: [Synth 8-7129] Port Din[2] in module xlslice_v1_0_2_xlslice__parameterized0 is either unconnected or has no load
WARNING: [Synth 8-7129] Port Din[0] in module xlslice_v1_0_2_xlslice__parameterized0 is either unconnected or has no load
WARNING: [Synth 8-7129] Port Din[2] in module xlslice_v1_0_2_xlslice is either unconnected or has no load
WARNING: [Synth 8-7129] Port Din[1] in module xlslice_v1_0_2_xlslice is either unconnected or has no load
WARNING: [Synth 8-7129] Port M_ACLK in module s00_couplers_imp_16M8LUN is either unconnected or has no load
WARNING: [Synth 8-7129] Port M_ARESETN in module s00_couplers_imp_16M8LUN is either unconnected or has no load
WARNING: [Synth 8-7129] Port ACLK in module system_u0_axi_periph_0 is either unconnected or has no load
WARNING: [Synth 8-7129] Port ARESETN in module system_u0_axi_periph_0 is either unconnected or has no load
---------------------------------------------------------------------------------
Finished RTL Elaboration : Time (s): cpu = 00:00:02 ; elapsed = 00:00:07 . Memory (MB): peak = 1931.418 ; gain = 430.117
---------------------------------------------------------------------------------
---------------------------------------------------------------------------------
Start Handling Custom Attributes
---------------------------------------------------------------------------------
---------------------------------------------------------------------------------
Finished Handling Custom Attributes : Time (s): cpu = 00:00:03 ; elapsed = 00:00:07 . Memory (MB): peak = 1931.418 ; gain = 430.117
---------------------------------------------------------------------------------
---------------------------------------------------------------------------------
Finished RTL Optimization Phase 1 : Time (s): cpu = 00:00:03 ; elapsed = 00:00:07 . Memory (MB): peak = 1931.418 ; gain = 430.117
---------------------------------------------------------------------------------
Netlist sorting complete. Time (s): cpu = 00:00:00 ; elapsed = 00:00:00.018 . Memory (MB): peak = 1931.418 ; gain = 0.000
INFO: [Project 1-570] Preparing netlist for logic optimization

Processing XDC Constraints
Initializing timing engine
Parsing XDC File [c:/520lab_projects/fa24lab3/build/lab3/lab3.gen/sources_1/bd/system/ip/system_zynq_ultra_ps_e_0_1/system_zynq_ultra_ps_e_0_1/system_zynq_ultra_ps_e_0_1_in_context.xdc] for cell 'dutsystem/system_i/u0'
Finished Parsing XDC File [c:/520lab_projects/fa24lab3/build/lab3/lab3.gen/sources_1/bd/system/ip/system_zynq_ultra_ps_e_0_1/system_zynq_ultra_ps_e_0_1/system_zynq_ultra_ps_e_0_1_in_context.xdc] for cell 'dutsystem/system_i/u0'
Parsing XDC File [c:/520lab_projects/fa24lab3/build/lab3/lab3.gen/sources_1/bd/system/ip/system_axi_gpio_0_0/system_axi_gpio_0_0/system_axi_gpio_0_0_in_context.xdc] for cell 'dutsystem/system_i/u1_gpio'
Finished Parsing XDC File [c:/520lab_projects/fa24lab3/build/lab3/lab3.gen/sources_1/bd/system/ip/system_axi_gpio_0_0/system_axi_gpio_0_0/system_axi_gpio_0_0_in_context.xdc] for cell 'dutsystem/system_i/u1_gpio'
Parsing XDC File [c:/520lab_projects/fa24lab3/build/lab3/lab3.gen/sources_1/bd/system/ip/system_auto_ds_0/system_auto_ds_0/system_auto_ds_0_in_context.xdc] for cell 'dutsystem/system_i/u0_peripheral_interconnect/s00_couplers/auto_ds'
Finished Parsing XDC File [c:/520lab_projects/fa24lab3/build/lab3/lab3.gen/sources_1/bd/system/ip/system_auto_ds_0/system_auto_ds_0/system_auto_ds_0_in_context.xdc] for cell 'dutsystem/system_i/u0_peripheral_interconnect/s00_couplers/auto_ds'
Parsing XDC File [c:/520lab_projects/fa24lab3/build/lab3/lab3.gen/sources_1/bd/system/ip/system_auto_pc_0/system_auto_pc_0/system_auto_pc_0_in_context.xdc] for cell 'dutsystem/system_i/u0_peripheral_interconnect/s00_couplers/auto_pc'
Finished Parsing XDC File [c:/520lab_projects/fa24lab3/build/lab3/lab3.gen/sources_1/bd/system/ip/system_auto_pc_0/system_auto_pc_0/system_auto_pc_0_in_context.xdc] for cell 'dutsystem/system_i/u0_peripheral_interconnect/s00_couplers/auto_pc'
Parsing XDC File [c:/520lab_projects/fa24lab3/build/lab3/lab3.gen/sources_1/bd/system/ip/system_rst_u0_99M_0/system_rst_u0_99M_0/system_rst_u0_99M_0_in_context.xdc] for cell 'dutsystem/system_i/rst_u0_99M'
Finished Parsing XDC File [c:/520lab_projects/fa24lab3/build/lab3/lab3.gen/sources_1/bd/system/ip/system_rst_u0_99M_0/system_rst_u0_99M_0/system_rst_u0_99M_0_in_context.xdc] for cell 'dutsystem/system_i/rst_u0_99M'
Parsing XDC File [C:/520lab_projects/fa24lab3/constr/io_map.xdc]
WARNING: [Vivado 12-1580] clock, cell, port or pin 'led_o' not found. [C:/520lab_projects/fa24lab3/constr/io_map.xdc:4]
WARNING: [Vivado 12-627] No clocks matched 'clk_pl_0'. [C:/520lab_projects/fa24lab3/constr/io_map.xdc:5]
INFO: [Vivado 12-626] No clocks found. Please use 'create_clock' or 'create_generated_clock' command to create clocks. [C:/520lab_projects/fa24lab3/constr/io_map.xdc:5]
WARNING: [Vivado 12-627] No clocks matched 'clk_pl_0'. [C:/520lab_projects/fa24lab3/constr/io_map.xdc:6]
INFO: [Vivado 12-626] No clocks found. Please use 'create_clock' or 'create_generated_clock' command to create clocks. [C:/520lab_projects/fa24lab3/constr/io_map.xdc:6]
Finished Parsing XDC File [C:/520lab_projects/fa24lab3/constr/io_map.xdc]
WARNING: [Project 1-498] One or more constraints failed evaluation while reading constraint file [C:/520lab_projects/fa24lab3/constr/io_map.xdc] and the design contains unresolved black boxes. These constraints will be read post-synthesis (as long as their source constraint file is marked as used_in_implementation) and should be applied correctly then. You should review the constraints listed in the file [.Xil/kr260_top_propImpl.xdc] and check the run log file to verify that these constraints were correctly applied.
INFO: [Project 1-236] Implementation specific constraints were found while reading constraint file [C:/520lab_projects/fa24lab3/constr/io_map.xdc]. These constraints will be ignored for synthesis but will be used in implementation. Impacted constraints are listed in the file [.Xil/kr260_top_propImpl.xdc].
Resolution: To avoid this warning, move constraints listed in [.Xil/kr260_top_propImpl.xdc] to another XDC file and exclude this new file from synthesis with the used_in_synthesis property (File Properties dialog in GUI) and re-run elaboration/synthesis.
Parsing XDC File [C:/520lab_projects/fa24lab3/build/lab3/lab3.runs/synth_1/dont_touch.xdc]
Finished Parsing XDC File [C:/520lab_projects/fa24lab3/build/lab3/lab3.runs/synth_1/dont_touch.xdc]
Completed Processing XDC Constraints

Netlist sorting complete. Time (s): cpu = 00:00:00 ; elapsed = 00:00:00 . Memory (MB): peak = 1941.863 ; gain = 0.000
INFO: [Project 1-111] Unisim Transformation Summary:
No Unisim elements were transformed.

Constraint Validation Runtime : Time (s): cpu = 00:00:00 ; elapsed = 00:00:00.003 . Memory (MB): peak = 1941.863 ; gain = 0.000
INFO: [Designutils 20-5440] No compile time benefit to using incremental synthesis; A full resynthesis will be run
INFO: [Designutils 20-4379] Flow is switching to default flow due to incremental criteria not met. If you would like to alter this behaviour and have the flow terminate instead, please set the following parameter config_implementation {autoIncr.Synth.RejectBehavior Terminate}
INFO: [Synth 8-11241] undeclared symbol 'REGCCE', assumed default net type 'wire' [C:/Xilinx/Vivado/2022.2/data/verilog/src/unimacro/BRAM_SINGLE_MACRO.v:2170]
---------------------------------------------------------------------------------
Finished Constraint Validation : Time (s): cpu = 00:00:10 ; elapsed = 00:00:22 . Memory (MB): peak = 1941.863 ; gain = 440.562
---------------------------------------------------------------------------------
---------------------------------------------------------------------------------
Start Loading Part and Timing Information
---------------------------------------------------------------------------------
Loading part: xck26-sfvc784-2LV-c
INFO: [Synth 8-6742] Reading net delay rules and data
---------------------------------------------------------------------------------
Finished Loading Part and Timing Information : Time (s): cpu = 00:00:10 ; elapsed = 00:00:22 . Memory (MB): peak = 1941.863 ; gain = 440.562
---------------------------------------------------------------------------------
---------------------------------------------------------------------------------
Start Applying 'set_property' XDC Constraints
---------------------------------------------------------------------------------
Applied set_property KEEP_HIERARCHY = SOFT for dutsystem/system_i. (constraint file  auto generated constraint).
Applied set_property KEEP_HIERARCHY = SOFT for dutsystem/system_i/u0. (constraint file  auto generated constraint).
Applied set_property KEEP_HIERARCHY = SOFT for dutsystem/system_i/u1_gpio. (constraint file  auto generated constraint).
Applied set_property KEEP_HIERARCHY = SOFT for dutsystem/system_i/u0_peripheral_interconnect/s00_couplers/auto_ds. (constraint file  auto generated constraint).
Applied set_property KEEP_HIERARCHY = SOFT for dutsystem/system_i/u0_peripheral_interconnect/s00_couplers/auto_pc. (constraint file  auto generated constraint).
Applied set_property KEEP_HIERARCHY = SOFT for dutsystem/system_i/u0_peripheral_interconnect. (constraint file  auto generated constraint).
Applied set_property KEEP_HIERARCHY = SOFT for dutsystem/system_i/rst_u0_99M. (constraint file  auto generated constraint).
Applied set_property KEEP_HIERARCHY = SOFT for dutsystem/system_i/xlslice_0. (constraint file  auto generated constraint).
Applied set_property KEEP_HIERARCHY = SOFT for dutsystem/system_i/xlslice_1. (constraint file  auto generated constraint).
Applied set_property KEEP_HIERARCHY = SOFT for dutsystem/system_i/xlslice_2. (constraint file  auto generated constraint).
---------------------------------------------------------------------------------
Finished applying 'set_property' XDC Constraints : Time (s): cpu = 00:00:10 ; elapsed = 00:00:23 . Memory (MB): peak = 1941.863 ; gain = 440.562
---------------------------------------------------------------------------------
---------------------------------------------------------------------------------
Finished RTL Optimization Phase 2 : Time (s): cpu = 00:00:11 ; elapsed = 00:00:23 . Memory (MB): peak = 1941.863 ; gain = 440.562
---------------------------------------------------------------------------------
---------------------------------------------------------------------------------
Start RTL Component Statistics 
---------------------------------------------------------------------------------
Detailed RTL Component Info : 
+---Registers : 
	                1 Bit    Registers := 1     
---------------------------------------------------------------------------------
Finished RTL Component Statistics 
---------------------------------------------------------------------------------
---------------------------------------------------------------------------------
Start Part Resource Summary
---------------------------------------------------------------------------------
Part Resources:
DSPs: 1248 (col length:96)
BRAMs: 288 (col length: RAMB18 96 RAMB36 48)
---------------------------------------------------------------------------------
Finished Part Resource Summary
---------------------------------------------------------------------------------
---------------------------------------------------------------------------------
Start Cross Boundary and Area Optimization
---------------------------------------------------------------------------------
WARNING: [Synth 8-7080] Parallel synthesis criteria is not met
WARNING: [Synth 8-7129] Port Din[1] in module system_xlslice_1_0 is either unconnected or has no load
WARNING: [Synth 8-7129] Port Din[0] in module system_xlslice_1_0 is either unconnected or has no load
WARNING: [Synth 8-7129] Port Din[2] in module system_xlslice_0_1 is either unconnected or has no load
WARNING: [Synth 8-7129] Port Din[0] in module system_xlslice_0_1 is either unconnected or has no load
WARNING: [Synth 8-7129] Port Din[2] in module system_xlslice_0_0 is either unconnected or has no load
WARNING: [Synth 8-7129] Port Din[1] in module system_xlslice_0_0 is either unconnected or has no load
WARNING: [Synth 8-7129] Port ACLK in module system_u0_axi_periph_0 is either unconnected or has no load
WARNING: [Synth 8-7129] Port ARESETN in module system_u0_axi_periph_0 is either unconnected or has no load
WARNING: [Synth 8-7129] Port M00_ACLK in module system_u0_axi_periph_0 is either unconnected or has no load
WARNING: [Synth 8-7129] Port M00_ARESETN in module system_u0_axi_periph_0 is either unconnected or has no load
---------------------------------------------------------------------------------
Finished Cross Boundary and Area Optimization : Time (s): cpu = 00:00:12 ; elapsed = 00:00:25 . Memory (MB): peak = 1941.863 ; gain = 440.562
---------------------------------------------------------------------------------
---------------------------------------------------------------------------------
Start Applying XDC Timing Constraints
---------------------------------------------------------------------------------
---------------------------------------------------------------------------------
Finished Applying XDC Timing Constraints : Time (s): cpu = 00:00:19 ; elapsed = 00:00:41 . Memory (MB): peak = 2484.133 ; gain = 982.832
---------------------------------------------------------------------------------
---------------------------------------------------------------------------------
Start Timing Optimization
---------------------------------------------------------------------------------
---------------------------------------------------------------------------------
Finished Timing Optimization : Time (s): cpu = 00:00:19 ; elapsed = 00:00:41 . Memory (MB): peak = 2484.355 ; gain = 983.055
---------------------------------------------------------------------------------
---------------------------------------------------------------------------------
Start Technology Mapping
---------------------------------------------------------------------------------
---------------------------------------------------------------------------------
Finished Technology Mapping : Time (s): cpu = 00:00:19 ; elapsed = 00:00:41 . Memory (MB): peak = 2503.477 ; gain = 1002.176
---------------------------------------------------------------------------------
---------------------------------------------------------------------------------
Start IO Insertion
---------------------------------------------------------------------------------
---------------------------------------------------------------------------------
Start Flattening Before IO Insertion
---------------------------------------------------------------------------------
---------------------------------------------------------------------------------
Finished Flattening Before IO Insertion
---------------------------------------------------------------------------------
---------------------------------------------------------------------------------
Start Final Netlist Cleanup
---------------------------------------------------------------------------------
---------------------------------------------------------------------------------
Finished Final Netlist Cleanup
---------------------------------------------------------------------------------
---------------------------------------------------------------------------------
Finished IO Insertion : Time (s): cpu = 00:00:21 ; elapsed = 00:00:45 . Memory (MB): peak = 2510.207 ; gain = 1008.906
---------------------------------------------------------------------------------
---------------------------------------------------------------------------------
Start Renaming Generated Instances
---------------------------------------------------------------------------------
---------------------------------------------------------------------------------
Finished Renaming Generated Instances : Time (s): cpu = 00:00:21 ; elapsed = 00:00:45 . Memory (MB): peak = 2510.207 ; gain = 1008.906
---------------------------------------------------------------------------------
---------------------------------------------------------------------------------
Start Rebuilding User Hierarchy
---------------------------------------------------------------------------------
---------------------------------------------------------------------------------
Finished Rebuilding User Hierarchy : Time (s): cpu = 00:00:21 ; elapsed = 00:00:45 . Memory (MB): peak = 2510.207 ; gain = 1008.906
---------------------------------------------------------------------------------
---------------------------------------------------------------------------------
Start Renaming Generated Ports
---------------------------------------------------------------------------------
---------------------------------------------------------------------------------
Finished Renaming Generated Ports : Time (s): cpu = 00:00:21 ; elapsed = 00:00:45 . Memory (MB): peak = 2510.207 ; gain = 1008.906
---------------------------------------------------------------------------------
---------------------------------------------------------------------------------
Start Handling Custom Attributes
---------------------------------------------------------------------------------
---------------------------------------------------------------------------------
Finished Handling Custom Attributes : Time (s): cpu = 00:00:21 ; elapsed = 00:00:45 . Memory (MB): peak = 2510.207 ; gain = 1008.906
---------------------------------------------------------------------------------
---------------------------------------------------------------------------------
Start Renaming Generated Nets
---------------------------------------------------------------------------------
---------------------------------------------------------------------------------
Finished Renaming Generated Nets : Time (s): cpu = 00:00:21 ; elapsed = 00:00:45 . Memory (MB): peak = 2510.207 ; gain = 1008.906
---------------------------------------------------------------------------------
---------------------------------------------------------------------------------
Start Writing Synthesis Report
---------------------------------------------------------------------------------

Report BlackBoxes: 
+------+---------------------------+----------+
|      |BlackBox name              |Instances |
+------+---------------------------+----------+
|1     |system_auto_ds_0           |         1|
|2     |system_auto_pc_0           |         1|
|3     |system_rst_u0_99M_0        |         1|
|4     |system_zynq_ultra_ps_e_0_1 |         1|
|5     |system_axi_gpio_0_0        |         1|
+------+---------------------------+----------+

Report Cell Usage: 
+------+--------------------------------+------+
|      |Cell                            |Count |
+------+--------------------------------+------+
|1     |system_auto_ds_0_bbox           |     1|
|2     |system_auto_pc_0_bbox           |     1|
|3     |system_axi_gpio_0_0_bbox        |     1|
|4     |system_rst_u0_99M_0_bbox        |     1|
|5     |system_zynq_ultra_ps_e_0_1_bbox |     1|
|6     |LUT1                            |     1|
|7     |LUT3                            |     1|
|8     |FDCE                            |     1|
|9     |OBUF                            |     1|
+------+--------------------------------+------+
---------------------------------------------------------------------------------
Finished Writing Synthesis Report : Time (s): cpu = 00:00:21 ; elapsed = 00:00:45 . Memory (MB): peak = 2510.207 ; gain = 1008.906
---------------------------------------------------------------------------------
Synthesis finished with 0 errors, 0 critical warnings and 11 warnings.
Synthesis Optimization Runtime : Time (s): cpu = 00:00:15 ; elapsed = 00:00:38 . Memory (MB): peak = 2510.207 ; gain = 998.461
Synthesis Optimization Complete : Time (s): cpu = 00:00:21 ; elapsed = 00:00:45 . Memory (MB): peak = 2510.207 ; gain = 1008.906
INFO: [Project 1-571] Translating synthesized netlist
Netlist sorting complete. Time (s): cpu = 00:00:00 ; elapsed = 00:00:00.015 . Memory (MB): peak = 2522.266 ; gain = 0.000
INFO: [Project 1-570] Preparing netlist for logic optimization
INFO: [Opt 31-138] Pushed 0 inverter(s) to 0 load pin(s).
Netlist sorting complete. Time (s): cpu = 00:00:00 ; elapsed = 00:00:00 . Memory (MB): peak = 2554.633 ; gain = 0.000
INFO: [Project 1-111] Unisim Transformation Summary:
No Unisim elements were transformed.

Synth Design complete, checksum: d9657a96
INFO: [Common 17-83] Releasing license: Synthesis
65 Infos, 25 Warnings, 0 Critical Warnings and 0 Errors encountered.
synth_design completed successfully
synth_design: Time (s): cpu = 00:00:25 ; elapsed = 00:01:06 . Memory (MB): peak = 2554.633 ; gain = 2046.383
INFO: [Common 17-1381] The checkpoint 'C:/520lab_projects/fa24lab3/build/lab3/lab3.runs/synth_1/kr260_top.dcp' has been generated.
INFO: [runtcl-4] Executing : report_utilization -file kr260_top_utilization_synth.rpt -pb kr260_top_utilization_synth.pb
INFO: [Common 17-206] Exiting Vivado at Sat Oct  5 15:05:39 2024...
